2024/05/23 21:02:32 [DEBUG] Home directory: /home/vm1/hlf-test-multi-org/distributed-machine-1/organizations/fabric-ca/org1
2024/05/23 21:02:32 [DEBUG] parent server URL: ''
2024/05/23 21:02:32 [INFO] Created default configuration file at /home/vm1/hlf-test-multi-org/distributed-machine-1/organizations/fabric-ca/org1/fabric-ca-server-config.yaml
2024/05/23 21:02:32 [INFO] Starting server in home directory: /home/vm1/hlf-test-multi-org/distributed-machine-1/organizations/fabric-ca/org1
2024/05/23 21:02:32 [DEBUG] Set log level: 
2024/05/23 21:02:32 [INFO] Server Version: v1.5.9
2024/05/23 21:02:32 [INFO] Server Levels: &{Identity:2 Affiliation:1 Certificate:1 Credential:1 RAInfo:1 Nonce:1}
2024/05/23 21:02:32 [DEBUG] Making server filenames absolute
2024/05/23 21:02:32 [DEBUG] Initializing default CA in directory /home/vm1/hlf-test-multi-org/distributed-machine-1/organizations/fabric-ca/org1
2024/05/23 21:02:32 [DEBUG] Init CA with home /home/vm1/hlf-test-multi-org/distributed-machine-1/organizations/fabric-ca/org1 and config {Version:v1.5.9 Cfg:{Identities:{PasswordAttempts:10 AllowRemove:false} Affiliations:{AllowRemove:false}} CA:{Name:ca-org1 Keyfile: Certfile:ca-cert.pem Chainfile:ca-chain.pem ReenrollIgnoreCertExpiry:false} Signing:0xc00043f3a0 CSR:{CN:fabric-ca-server Names:[{C:US ST:North Carolina L: O:Hyperledger OU:Fabric SerialNumber:}] Hosts:[localhost 192.168.0.151] KeyRequest:0xc0001cbcc0 CA:0xc0003ade00 SerialNumber:} Registry:{MaxEnrollments:-1 Identities:[{ Name:**** Pass:**** Type:client Affiliation: MaxEnrollments:0 Attrs:map[hf.AffiliationMgr:1 hf.GenCRL:1 hf.IntermediateCA:1 hf.Registrar.Attributes:* hf.Registrar.DelegateRoles:* hf.Registrar.Roles:* hf.Revoker:1]  }]} Affiliations:map[org1:[department1 department2] org2:[department1]] LDAP:{ Enabled:false URL:ldap://****:****@<host>:<port>/<base> UserFilter:(uid=%s) GroupFilter:(memberUid=%s) Attribute:{[uid member] [{ }] map[groups:[{ }]]} TLS:{false [] { }}  } DB:{ Type:sqlite3 Datasource:fabric-ca-server.db TLS:{false [] { }}  } CSP:0xc00019ac90 Client:<nil> Intermediate:{ParentServer:{ URL: CAName:  } TLS:{Enabled:false CertFiles:[] Client:{KeyFile: CertFile:}} Enrollment:{ Name: Secret:**** CAName: AttrReqs:[] Profile: Label: CSR:<nil> Type:x509  }} CRL:{Expiry:24h0m0s} Idemix:{Curve:amcl.Fp256bn IssuerPublicKeyfile: IssuerSecretKeyfile: RevocationPublicKeyfile: RevocationPrivateKeyfile: RHPoolSize:1000 NonceExpiration:15s NonceSweepInterval:15m}}
2024/05/23 21:02:32 [DEBUG] CA Home Directory: /home/vm1/hlf-test-multi-org/distributed-machine-1/organizations/fabric-ca/org1
2024/05/23 21:02:32 [DEBUG] Checking configuration file version 'v1.5.9' against server version: 'v1.5.9'
2024/05/23 21:02:32 [DEBUG] Initializing BCCSP: &{Default:SW SW:0xc0001cbe00}
2024/05/23 21:02:32 [DEBUG] Initializing BCCSP with software options &{Security:256 Hash:SHA2 FileKeystore:0xc0004626c0}
2024/05/23 21:02:32 [DEBUG] Initialize key material
2024/05/23 21:02:32 [DEBUG] Making CA filenames absolute
2024/05/23 21:02:32 [WARNING] &{69 The specified CA certificate file /home/vm1/hlf-test-multi-org/distributed-machine-1/organizations/fabric-ca/org1/ca-cert.pem does not exist}
2024/05/23 21:02:32 [DEBUG] Root CA certificate request: {CN:fabric-ca-server Names:[{C:US ST:North Carolina L: O:Hyperledger OU:Fabric SerialNumber:}] Hosts:[localhost 192.168.0.151] KeyRequest:0xc00019a840 CA:0xc0003ade00 SerialNumber:}
2024/05/23 21:02:32 [INFO] generating key: &{A:ecdsa S:256}
2024/05/23 21:02:32 [DEBUG] generate key from request: algo=ecdsa, size=256
2024/05/23 21:02:32 [INFO] encoded CSR
2024/05/23 21:02:32 [DEBUG] validating configuration
2024/05/23 21:02:32 [DEBUG] validate local profile
2024/05/23 21:02:32 [DEBUG] profile is valid
2024/05/23 21:02:32 [INFO] signed certificate with serial number 615590480352664759731506969096471182449929079638
2024/05/23 21:02:32 [INFO] The CA key and certificate were generated for CA ca-org1
2024/05/23 21:02:32 [INFO] The key was stored by BCCSP provider 'SW'
2024/05/23 21:02:32 [INFO] The certificate is at: /home/vm1/hlf-test-multi-org/distributed-machine-1/organizations/fabric-ca/org1/ca-cert.pem
2024/05/23 21:02:32 [DEBUG] Initializing DB
2024/05/23 21:02:32 [DEBUG] Initializing 'sqlite3' database at '/home/vm1/hlf-test-multi-org/distributed-machine-1/organizations/fabric-ca/org1/fabric-ca-server.db'
2024/05/23 21:02:32 [DEBUG] Using sqlite database, connect to database in home (/home/vm1/hlf-test-multi-org/distributed-machine-1/organizations/fabric-ca/org1/fabric-ca-server.db) directory
2024/05/23 21:02:32 [DEBUG] Creating SQLite database (/home/vm1/hlf-test-multi-org/distributed-machine-1/organizations/fabric-ca/org1/fabric-ca-server.db) if it does not exist...
2024/05/23 21:02:32 [DEBUG] Creating users table if it does not exist
2024/05/23 21:02:32 [DEBUG] Creating affiliations table if it does not exist
2024/05/23 21:02:32 [DEBUG] Creating certificates table if it does not exist
2024/05/23 21:02:32 [DEBUG] Creating credentials table if it does not exist
2024/05/23 21:02:32 [DEBUG] Creating revocation_authority_info table if it does not exist
2024/05/23 21:02:32 [DEBUG] Creating nonces table if it does not exist
2024/05/23 21:02:32 [DEBUG] Creating properties table if it does not exist
2024/05/23 21:02:32 [DEBUG] Successfully opened sqlite3 DB
2024/05/23 21:02:32 [DEBUG] Initializing identity registry
2024/05/23 21:02:32 [DEBUG] Initialized DB identity registry
2024/05/23 21:02:32 [DEBUG] Checking database levels '&{Identity:0 Affiliation:0 Certificate:0 Credential:0 RAInfo:0 Nonce:0}' against server levels '&{Identity:2 Affiliation:1 Certificate:1 Credential:1 RAInfo:1 Nonce:1}'
2024/05/23 21:02:32 [DEBUG] Migrating users table...
2024/05/23 21:02:32 [DEBUG] Upgrade identity table to level 1
2024/05/23 21:02:32 [DEBUG] Creating users table if it does not exist
2024/05/23 21:02:32 [DEBUG] Upgrade identity table to level 2
2024/05/23 21:02:32 [DEBUG] Creating users table if it does not exist
2024/05/23 21:02:32 [DEBUG] Migrating affiliation table...
2024/05/23 21:02:32 [DEBUG] Upgrade affiliations table to level 1
2024/05/23 21:02:32 [DEBUG] Creating affiliations table if it does not exist
2024/05/23 21:02:32 [DEBUG] Upgrade certificates table...
2024/05/23 21:02:32 [DEBUG] Upgrade certificates table to level 1
2024/05/23 21:02:32 [DEBUG] Creating certificates table if it does not exist
2024/05/23 21:02:32 [DEBUG] Migrating credentials table...
2024/05/23 21:02:32 [DEBUG] Migrating nonces table...
2024/05/23 21:02:32 [DEBUG] Migrating revocation_authority_info table...
2024/05/23 21:02:32 [DEBUG] Loading identity table
2024/05/23 21:02:32 [DEBUG] Loading identity 'admin'
2024/05/23 21:02:32 [DEBUG] DB: Getting identity admin
2024/05/23 21:02:32 [DEBUG] Max enrollment value verification - User specified max enrollment: 0, CA max enrollment: -1
2024/05/23 21:02:32 [DEBUG] DB: Add identity admin
2024/05/23 21:02:32 [DEBUG] Successfully added identity admin to the database
2024/05/23 21:02:32 [DEBUG] Registered identity: { Name:**** Pass:**** Type:client Affiliation: MaxEnrollments:-1 Attrs:map[hf.AffiliationMgr:1 hf.GenCRL:1 hf.IntermediateCA:1 hf.Registrar.Attributes:* hf.Registrar.DelegateRoles:* hf.Registrar.Roles:* hf.Revoker:1]  }
2024/05/23 21:02:32 [DEBUG] Successfully loaded identity table
2024/05/23 21:02:32 [DEBUG] Loading affiliations table
2024/05/23 21:02:32 [DEBUG] DB: Add affiliation org1
2024/05/23 21:02:32 [DEBUG] Affiliation 'org1' added
2024/05/23 21:02:32 [DEBUG] DB: Add affiliation org1.department1
2024/05/23 21:02:32 [DEBUG] Affiliation 'org1.department1' added
2024/05/23 21:02:32 [DEBUG] DB: Add affiliation org1.department2
2024/05/23 21:02:32 [DEBUG] Affiliation 'org1.department2' added
2024/05/23 21:02:32 [DEBUG] DB: Add affiliation org2
2024/05/23 21:02:32 [DEBUG] Affiliation 'org2' added
2024/05/23 21:02:32 [DEBUG] DB: Add affiliation org2.department1
2024/05/23 21:02:32 [DEBUG] Affiliation 'org2.department1' added
2024/05/23 21:02:32 [DEBUG] Successfully loaded affiliations table
2024/05/23 21:02:32 [INFO] Initialized sqlite3 database at /home/vm1/hlf-test-multi-org/distributed-machine-1/organizations/fabric-ca/org1/fabric-ca-server.db
2024/05/23 21:02:32 [DEBUG] Initializing enrollment signer
2024/05/23 21:02:32 [DEBUG] validating configuration
2024/05/23 21:02:32 [DEBUG] validate local profile
2024/05/23 21:02:32 [DEBUG] profile is valid
2024/05/23 21:02:32 [DEBUG] validate local profile
2024/05/23 21:02:32 [DEBUG] profile is valid
2024/05/23 21:02:32 [DEBUG] validate local profile
2024/05/23 21:02:32 [DEBUG] profile is valid
2024/05/23 21:02:32 [DEBUG] CA initialization successful
2024/05/23 21:02:32 [DEBUG] Initializing Idemix issuer...
2024/05/23 21:02:32 [DEBUG] Using curve amcl.Fp256bn for Idemix
2024/05/23 21:02:32 [DEBUG] renew is set to [false]
2024/05/23 21:02:32 [DEBUG] pubKeyFileExists && privKeyFileExists : [/home/vm1/hlf-test-multi-org/distributed-machine-1/organizations/fabric-ca/org1/IssuerPublicKey:%!s(bool=false)][/home/vm1/hlf-test-multi-org/distributed-machine-1/organizations/fabric-ca/org1/msp/keystore/IssuerSecretKey:%!s(bool=false)]
2024/05/23 21:02:32 [DEBUG] Idemix issuer public and secret keys were generated for CA 'ca-org1'
2024/05/23 21:02:32 [INFO] The issuer key was successfully stored. The public key is at: /home/vm1/hlf-test-multi-org/distributed-machine-1/organizations/fabric-ca/org1/IssuerPublicKey, secret key is at: /home/vm1/hlf-test-multi-org/distributed-machine-1/organizations/fabric-ca/org1/msp/keystore/IssuerSecretKey
2024/05/23 21:02:32 [DEBUG] Intializing revocation authority for issuer 'ca-org1'
2024/05/23 21:02:32 [DEBUG] Initialize Idemix issuer revocation key material
2024/05/23 21:02:32 [INFO] Idemix issuer revocation public and secret keys were generated for CA 'ca-org1'
2024/05/23 21:02:32 [INFO] The revocation key was successfully stored. The public key is at: /home/vm1/hlf-test-multi-org/distributed-machine-1/organizations/fabric-ca/org1/IssuerRevocationPublicKey, private key is at: /home/vm1/hlf-test-multi-org/distributed-machine-1/organizations/fabric-ca/org1/msp/keystore/IssuerRevocationPrivateKey
2024/05/23 21:02:32 [DEBUG] Intializing nonce manager for issuer 'ca-org1'
2024/05/23 21:02:32 [INFO] Home directory for default CA: /home/vm1/hlf-test-multi-org/distributed-machine-1/organizations/fabric-ca/org1
2024/05/23 21:02:32 [DEBUG] 1 CA instance(s) running on server
2024/05/23 21:02:32 [INFO] Operation Server Listening on 192.168.0.151:17054
2024/05/23 21:02:32 [DEBUG] TLS is enabled
2024/05/23 21:02:32 [DEBUG] TLS enabled but either certificate or key file does not exist, automatically generating TLS credentials
2024/05/23 21:02:32 [DEBUG] TLS CSR: {CN:fabric-ca-server Names:[{C:US ST:North Carolina L: O:Hyperledger OU:Fabric SerialNumber:}] Hosts:[localhost 192.168.0.151] KeyRequest:0xc0001cbcc0 CA:<nil> SerialNumber:}
2024/05/23 21:02:32 [DEBUG] GenCSR &{CN:fabric-ca-server Names:[{C:US ST:North Carolina L: O:Hyperledger OU:Fabric SerialNumber:}] Hosts:[localhost 192.168.0.151] KeyRequest:0xc0001cbcc0 CA:<nil> SerialNumber:}
2024/05/23 21:02:32 [DEBUG] Initializing client with config: &{URL: MSPDir: TLS:{Enabled:false CertFiles:[] Client:{KeyFile: CertFile:}} Enrollment:{ Name: Secret:**** CAName: AttrReqs:[] Profile: Label: CSR:<nil> Type:  } CSR:{CN: Names:[] Hosts:[] KeyRequest:<nil> CA:<nil> SerialNumber:} ID:{Name: Type: Secret: MaxEnrollments:0 Affiliation: Attributes:[] CAName:} Revoke:{Name: Serial: AKI: Reason: CAName: GenCRL:false} CAInfo:{CAName:} CAName: CSP:0xc00019ac90 Debug:false LogLevel: Idemix:{Curve:}}
2024/05/23 21:02:32 [DEBUG] Initializing BCCSP: &{Default:SW SW:0xc0001cbe00}
2024/05/23 21:02:32 [DEBUG] Initializing BCCSP with software options &{Security:256 Hash:SHA2 FileKeystore:0xc0004626c0}
2024/05/23 21:02:32 [DEBUG] CurveID for Idemix not specified, defaulting to amcl.Fp256bn
2024/05/23 21:02:32 [INFO] generating key: &{A:ecdsa S:256}
2024/05/23 21:02:32 [DEBUG] generate key from request: algo=ecdsa, size=256
2024/05/23 21:02:32 [INFO] encoded CSR
2024/05/23 21:02:32 [INFO] signed certificate with serial number 13244113105179314429956897239153708489490534112
2024/05/23 21:02:32 [DEBUG] DB: Insert Certificate
2024/05/23 21:02:32 [DEBUG] Saved serial number as hex 251e2f6578ba038456b723f94100bef64078ee0
2024/05/23 21:02:32 [DEBUG] saved certificate with serial number 13244113105179314429956897239153708489490534112
2024/05/23 21:02:32 [DEBUG] Generated TLS Certificate: /home/vm1/hlf-test-multi-org/distributed-machine-1/organizations/fabric-ca/org1/tls-cert.pem
2024/05/23 21:02:32 [DEBUG] Client authentication type requested: noclientcert
2024/05/23 21:02:32 [INFO] Listening on https://192.168.0.151:7054
2024/05/23 21:02:39 [DEBUG] Received request for /enroll
2024/05/23 21:02:39 [DEBUG] ca.Config: &{Version:v1.5.9 Cfg:{Identities:{PasswordAttempts:10 AllowRemove:false} Affiliations:{AllowRemove:false}} CA:{Name:ca-org1 Keyfile:/home/vm1/hlf-test-multi-org/distributed-machine-1/organizations/fabric-ca/org1/ca-key.pem Certfile:/home/vm1/hlf-test-multi-org/distributed-machine-1/organizations/fabric-ca/org1/ca-cert.pem Chainfile:/home/vm1/hlf-test-multi-org/distributed-machine-1/organizations/fabric-ca/org1/ca-chain.pem ReenrollIgnoreCertExpiry:false} Signing:0xc00043f3a0 CSR:{CN:fabric-ca-server Names:[{C:US ST:North Carolina L: O:Hyperledger OU:Fabric SerialNumber:}] Hosts:[localhost 192.168.0.151] KeyRequest:0xc0001cbcc0 CA:0xc0003ade00 SerialNumber:} Registry:{MaxEnrollments:-1 Identities:[{ Name:**** Pass:**** Type:client Affiliation: MaxEnrollments:0 Attrs:map[hf.AffiliationMgr:1 hf.GenCRL:1 hf.IntermediateCA:1 hf.Registrar.Attributes:* hf.Registrar.DelegateRoles:* hf.Registrar.Roles:* hf.Revoker:1]  }]} Affiliations:map[org1:[department1 department2] org2:[department1]] LDAP:{ Enabled:false URL:ldap://****:****@<host>:<port>/<base> UserFilter:(uid=%s) GroupFilter:(memberUid=%s) Attribute:{[uid member] [{ }] map[groups:[{ }]]} TLS:{false [] { }}  } DB:{ Type:sqlite3 Datasource:/home/vm1/hlf-test-multi-org/distributed-machine-1/organizations/fabric-ca/org1/fabric-ca-server.db TLS:{false [] { }}  } CSP:0xc00019ac90 Client:<nil> Intermediate:{ParentServer:{ URL: CAName:  } TLS:{Enabled:false CertFiles:[] Client:{KeyFile: CertFile:}} Enrollment:{ Name: Secret:**** CAName: AttrReqs:[] Profile: Label: CSR:<nil> Type:x509  }} CRL:{Expiry:24h0m0s} Idemix:{Curve:amcl.Fp256bn IssuerPublicKeyfile:/home/vm1/hlf-test-multi-org/distributed-machine-1/organizations/fabric-ca/org1/IssuerPublicKey IssuerSecretKeyfile:/home/vm1/hlf-test-multi-org/distributed-machine-1/organizations/fabric-ca/org1/msp/keystore/IssuerSecretKey RevocationPublicKeyfile:/home/vm1/hlf-test-multi-org/distributed-machine-1/organizations/fabric-ca/org1/IssuerRevocationPublicKey RevocationPrivateKeyfile:/home/vm1/hlf-test-multi-org/distributed-machine-1/organizations/fabric-ca/org1/msp/keystore/IssuerRevocationPrivateKey RHPoolSize:1000 NonceExpiration:15s NonceSweepInterval:15m}}
2024/05/23 21:02:39 [DEBUG] DB: Getting identity admin
2024/05/23 21:02:39 [DEBUG] DB: Login user admin with max enrollments of -1 and state of 0
2024/05/23 21:02:39 [DEBUG] DB: identity admin successfully logged in
2024/05/23 21:02:39 [DEBUG] DB: Getting identity admin
2024/05/23 21:02:39 [DEBUG] Processing sign request: id=admin, CommonName=admin, Subject=<nil>
2024/05/23 21:02:39 [DEBUG] Request is not for a CA signing certificate
2024/05/23 21:02:39 [DEBUG] Checking CSR fields to make sure that they do not exceed maximum character limits
2024/05/23 21:02:39 [DEBUG] Finished processing sign request
2024/05/23 21:02:39 [DEBUG] DB: Getting identity admin
2024/05/23 21:02:39 [INFO] signed certificate with serial number 9332843077508453226807880996019156580412326067
2024/05/23 21:02:39 [DEBUG] DB: Insert Certificate
2024/05/23 21:02:39 [DEBUG] Saved serial number as hex 1a27fc8c96c10c0e4b28a3ce2a1177a10a680b3
2024/05/23 21:02:39 [DEBUG] saved certificate with serial number 9332843077508453226807880996019156580412326067
2024/05/23 21:02:39 [DEBUG] Successfully incremented state for identity admin to 1
2024/05/23 21:02:39 [INFO] 192.168.0.151:38482 POST /enroll 201 0 "OK"
2024/05/23 21:02:39 [DEBUG] Received request for /register
2024/05/23 21:02:39 [DEBUG] Caller is using a x509 certificate
2024/05/23 21:02:39 [DEBUG] Certicate Dates: NotAfter = 2025-05-24 04:03:00 +0000 UTC NotBefore = 2024-05-24 03:58:00 +0000 UTC 
2024/05/23 21:02:39 [DEBUG] Checking for revocation/expiration of certificate owned by 'admin'
2024/05/23 21:02:39 [DEBUG] DB: Get certificate by serial (1a27fc8c96c10c0e4b28a3ce2a1177a10a680b3) and aki (50c869dedddbb58bf23b27a7b66e767cfae58173)
2024/05/23 21:02:39 [DEBUG] DB: Getting identity admin
2024/05/23 21:02:40 [DEBUG] Successful token authentication of 'admin'
2024/05/23 21:02:40 [DEBUG] Received registration request from admin: { Name:peer0 Type:peer Secret:**** MaxEnrollments:0 Affiliation: Attributes:[] CAName:ca-org1  }
2024/05/23 21:02:40 [DEBUG] No affiliation provided in registration request, will default to using registrar's affiliation of ''
2024/05/23 21:02:40 [DEBUG] canRegister - Check to see if user 'admin' can register
2024/05/23 21:02:40 [DEBUG] Checking to see if caller 'admin' can act on type 'peer'
2024/05/23 21:02:40 [DEBUG] Checking to see if caller 'admin' is a registrar
2024/05/23 21:02:40 [DEBUG] Validating affiliation: 
2024/05/23 21:02:40 [DEBUG] Checking to see if affiliation '' contains caller's affiliation ''
2024/05/23 21:02:40 [DEBUG] Caller has root affiliation
2024/05/23 21:02:40 [DEBUG] Registering user id: peer0
2024/05/23 21:02:40 [DEBUG] Max enrollment value verification - User specified max enrollment: 0, CA max enrollment: -1
2024/05/23 21:02:40 [DEBUG] DB: Getting identity peer0
2024/05/23 21:02:40 [DEBUG] DB: Add identity peer0
2024/05/23 21:02:40 [DEBUG] Successfully added identity peer0 to the database
2024/05/23 21:02:40 [INFO] 192.168.0.151:38494 POST /register 201 0 "OK"
2024/05/23 21:02:40 [DEBUG] Received request for /register
2024/05/23 21:02:40 [DEBUG] Caller is using a x509 certificate
2024/05/23 21:02:40 [DEBUG] Certicate Dates: NotAfter = 2025-05-24 04:03:00 +0000 UTC NotBefore = 2024-05-24 03:58:00 +0000 UTC 
2024/05/23 21:02:40 [DEBUG] Checking for revocation/expiration of certificate owned by 'admin'
2024/05/23 21:02:40 [DEBUG] DB: Get certificate by serial (1a27fc8c96c10c0e4b28a3ce2a1177a10a680b3) and aki (50c869dedddbb58bf23b27a7b66e767cfae58173)
2024/05/23 21:02:40 [DEBUG] DB: Getting identity admin
2024/05/23 21:02:40 [DEBUG] Successful token authentication of 'admin'
2024/05/23 21:02:40 [DEBUG] Received registration request from admin: { Name:peer1 Type:peer Secret:**** MaxEnrollments:0 Affiliation: Attributes:[] CAName:ca-org1  }
2024/05/23 21:02:40 [DEBUG] No affiliation provided in registration request, will default to using registrar's affiliation of ''
2024/05/23 21:02:40 [DEBUG] canRegister - Check to see if user 'admin' can register
2024/05/23 21:02:40 [DEBUG] Checking to see if caller 'admin' can act on type 'peer'
2024/05/23 21:02:40 [DEBUG] Checking to see if caller 'admin' is a registrar
2024/05/23 21:02:40 [DEBUG] Validating affiliation: 
2024/05/23 21:02:40 [DEBUG] Checking to see if affiliation '' contains caller's affiliation ''
2024/05/23 21:02:40 [DEBUG] Caller has root affiliation
2024/05/23 21:02:40 [DEBUG] Registering user id: peer1
2024/05/23 21:02:40 [DEBUG] Max enrollment value verification - User specified max enrollment: 0, CA max enrollment: -1
2024/05/23 21:02:40 [DEBUG] DB: Getting identity peer1
2024/05/23 21:02:40 [DEBUG] DB: Add identity peer1
2024/05/23 21:02:40 [DEBUG] Successfully added identity peer1 to the database
2024/05/23 21:02:40 [INFO] 192.168.0.151:38496 POST /register 201 0 "OK"
2024/05/23 21:02:40 [DEBUG] Received request for /register
2024/05/23 21:02:40 [DEBUG] Caller is using a x509 certificate
2024/05/23 21:02:40 [DEBUG] Certicate Dates: NotAfter = 2025-05-24 04:03:00 +0000 UTC NotBefore = 2024-05-24 03:58:00 +0000 UTC 
2024/05/23 21:02:40 [DEBUG] Checking for revocation/expiration of certificate owned by 'admin'
2024/05/23 21:02:40 [DEBUG] DB: Get certificate by serial (1a27fc8c96c10c0e4b28a3ce2a1177a10a680b3) and aki (50c869dedddbb58bf23b27a7b66e767cfae58173)
2024/05/23 21:02:40 [DEBUG] DB: Getting identity admin
2024/05/23 21:02:40 [DEBUG] Successful token authentication of 'admin'
2024/05/23 21:02:40 [DEBUG] Received registration request from admin: { Name:user1 Type:client Secret:**** MaxEnrollments:0 Affiliation: Attributes:[] CAName:ca-org1  }
2024/05/23 21:02:40 [DEBUG] No affiliation provided in registration request, will default to using registrar's affiliation of ''
2024/05/23 21:02:40 [DEBUG] canRegister - Check to see if user 'admin' can register
2024/05/23 21:02:40 [DEBUG] Checking to see if caller 'admin' can act on type 'client'
2024/05/23 21:02:40 [DEBUG] Checking to see if caller 'admin' is a registrar
2024/05/23 21:02:40 [DEBUG] Validating affiliation: 
2024/05/23 21:02:40 [DEBUG] Checking to see if affiliation '' contains caller's affiliation ''
2024/05/23 21:02:40 [DEBUG] Caller has root affiliation
2024/05/23 21:02:40 [DEBUG] Registering user id: user1
2024/05/23 21:02:40 [DEBUG] Max enrollment value verification - User specified max enrollment: 0, CA max enrollment: -1
2024/05/23 21:02:40 [DEBUG] DB: Getting identity user1
2024/05/23 21:02:40 [DEBUG] DB: Add identity user1
2024/05/23 21:02:40 [DEBUG] Successfully added identity user1 to the database
2024/05/23 21:02:40 [INFO] 192.168.0.151:38504 POST /register 201 0 "OK"
2024/05/23 21:02:40 [DEBUG] Received request for /register
2024/05/23 21:02:40 [DEBUG] Caller is using a x509 certificate
2024/05/23 21:02:40 [DEBUG] Certicate Dates: NotAfter = 2025-05-24 04:03:00 +0000 UTC NotBefore = 2024-05-24 03:58:00 +0000 UTC 
2024/05/23 21:02:40 [DEBUG] Checking for revocation/expiration of certificate owned by 'admin'
2024/05/23 21:02:40 [DEBUG] DB: Get certificate by serial (1a27fc8c96c10c0e4b28a3ce2a1177a10a680b3) and aki (50c869dedddbb58bf23b27a7b66e767cfae58173)
2024/05/23 21:02:40 [DEBUG] DB: Getting identity admin
2024/05/23 21:02:40 [DEBUG] Successful token authentication of 'admin'
2024/05/23 21:02:40 [DEBUG] Received registration request from admin: { Name:org1admin Type:admin Secret:**** MaxEnrollments:0 Affiliation: Attributes:[] CAName:ca-org1  }
2024/05/23 21:02:40 [DEBUG] No affiliation provided in registration request, will default to using registrar's affiliation of ''
2024/05/23 21:02:40 [DEBUG] canRegister - Check to see if user 'admin' can register
2024/05/23 21:02:40 [DEBUG] Checking to see if caller 'admin' can act on type 'admin'
2024/05/23 21:02:40 [DEBUG] Checking to see if caller 'admin' is a registrar
2024/05/23 21:02:40 [DEBUG] Validating affiliation: 
2024/05/23 21:02:40 [DEBUG] Checking to see if affiliation '' contains caller's affiliation ''
2024/05/23 21:02:40 [DEBUG] Caller has root affiliation
2024/05/23 21:02:40 [DEBUG] Registering user id: org1admin
2024/05/23 21:02:40 [DEBUG] Max enrollment value verification - User specified max enrollment: 0, CA max enrollment: -1
2024/05/23 21:02:40 [DEBUG] DB: Getting identity org1admin
2024/05/23 21:02:40 [DEBUG] DB: Add identity org1admin
2024/05/23 21:02:40 [DEBUG] Successfully added identity org1admin to the database
2024/05/23 21:02:40 [INFO] 192.168.0.151:38506 POST /register 201 0 "OK"
2024/05/23 21:02:40 [DEBUG] Received request for /enroll
2024/05/23 21:02:40 [DEBUG] ca.Config: &{Version:v1.5.9 Cfg:{Identities:{PasswordAttempts:10 AllowRemove:false} Affiliations:{AllowRemove:false}} CA:{Name:ca-org1 Keyfile:/home/vm1/hlf-test-multi-org/distributed-machine-1/organizations/fabric-ca/org1/ca-key.pem Certfile:/home/vm1/hlf-test-multi-org/distributed-machine-1/organizations/fabric-ca/org1/ca-cert.pem Chainfile:/home/vm1/hlf-test-multi-org/distributed-machine-1/organizations/fabric-ca/org1/ca-chain.pem ReenrollIgnoreCertExpiry:false} Signing:0xc00043f3a0 CSR:{CN:fabric-ca-server Names:[{C:US ST:North Carolina L: O:Hyperledger OU:Fabric SerialNumber:}] Hosts:[localhost 192.168.0.151] KeyRequest:0xc0001cbcc0 CA:0xc0003ade00 SerialNumber:} Registry:{MaxEnrollments:-1 Identities:[{ Name:**** Pass:**** Type:client Affiliation: MaxEnrollments:0 Attrs:map[hf.AffiliationMgr:1 hf.GenCRL:1 hf.IntermediateCA:1 hf.Registrar.Attributes:* hf.Registrar.DelegateRoles:* hf.Registrar.Roles:* hf.Revoker:1]  }]} Affiliations:map[org1:[department1 department2] org2:[department1]] LDAP:{ Enabled:false URL:ldap://****:****@<host>:<port>/<base> UserFilter:(uid=%s) GroupFilter:(memberUid=%s) Attribute:{[uid member] [{ }] map[groups:[{ }]]} TLS:{false [] { }}  } DB:{ Type:sqlite3 Datasource:/home/vm1/hlf-test-multi-org/distributed-machine-1/organizations/fabric-ca/org1/fabric-ca-server.db TLS:{false [] { }}  } CSP:0xc00019ac90 Client:<nil> Intermediate:{ParentServer:{ URL: CAName:  } TLS:{Enabled:false CertFiles:[] Client:{KeyFile: CertFile:}} Enrollment:{ Name: Secret:**** CAName: AttrReqs:[] Profile: Label: CSR:<nil> Type:x509  }} CRL:{Expiry:24h0m0s} Idemix:{Curve:amcl.Fp256bn IssuerPublicKeyfile:/home/vm1/hlf-test-multi-org/distributed-machine-1/organizations/fabric-ca/org1/IssuerPublicKey IssuerSecretKeyfile:/home/vm1/hlf-test-multi-org/distributed-machine-1/organizations/fabric-ca/org1/msp/keystore/IssuerSecretKey RevocationPublicKeyfile:/home/vm1/hlf-test-multi-org/distributed-machine-1/organizations/fabric-ca/org1/IssuerRevocationPublicKey RevocationPrivateKeyfile:/home/vm1/hlf-test-multi-org/distributed-machine-1/organizations/fabric-ca/org1/msp/keystore/IssuerRevocationPrivateKey RHPoolSize:1000 NonceExpiration:15s NonceSweepInterval:15m}}
2024/05/23 21:02:40 [DEBUG] DB: Getting identity peer0
2024/05/23 21:02:40 [DEBUG] DB: Login user peer0 with max enrollments of -1 and state of 0
2024/05/23 21:02:40 [DEBUG] DB: identity peer0 successfully logged in
2024/05/23 21:02:40 [DEBUG] DB: Getting identity peer0
2024/05/23 21:02:40 [DEBUG] Processing sign request: id=peer0, CommonName=peer0, Subject=<nil>
2024/05/23 21:02:40 [DEBUG] Request is not for a CA signing certificate
2024/05/23 21:02:40 [DEBUG] Checking CSR fields to make sure that they do not exceed maximum character limits
2024/05/23 21:02:40 [DEBUG] Finished processing sign request
2024/05/23 21:02:40 [DEBUG] DB: Getting identity peer0
2024/05/23 21:02:40 [DEBUG] Attribute extension being added to certificate is: &{ID:[1 2 3 4 5 6 7 8 1] Critical:false Value:7b226174747273223a7b2268662e416666696c696174696f6e223a22222c2268662e456e726f6c6c6d656e744944223a227065657230222c2268662e54797065223a2270656572227d7d}
2024/05/23 21:02:40 [DEBUG] Adding attribute extension to CSR: &{ID:[1 2 3 4 5 6 7 8 1] Critical:false Value:7b226174747273223a7b2268662e416666696c696174696f6e223a22222c2268662e456e726f6c6c6d656e744944223a227065657230222c2268662e54797065223a2270656572227d7d}
2024/05/23 21:02:40 [INFO] signed certificate with serial number 353151934100159091371803955385560932975790908519
2024/05/23 21:02:40 [DEBUG] DB: Insert Certificate
2024/05/23 21:02:40 [DEBUG] Saved serial number as hex 3ddbe162cab06b000efca54bc41d73450415e467
2024/05/23 21:02:40 [DEBUG] saved certificate with serial number 353151934100159091371803955385560932975790908519
2024/05/23 21:02:40 [DEBUG] Successfully incremented state for identity peer0 to 1
2024/05/23 21:02:40 [INFO] 192.168.0.151:38522 POST /enroll 201 0 "OK"
2024/05/23 21:02:40 [DEBUG] Received request for /enroll
2024/05/23 21:02:40 [DEBUG] ca.Config: &{Version:v1.5.9 Cfg:{Identities:{PasswordAttempts:10 AllowRemove:false} Affiliations:{AllowRemove:false}} CA:{Name:ca-org1 Keyfile:/home/vm1/hlf-test-multi-org/distributed-machine-1/organizations/fabric-ca/org1/ca-key.pem Certfile:/home/vm1/hlf-test-multi-org/distributed-machine-1/organizations/fabric-ca/org1/ca-cert.pem Chainfile:/home/vm1/hlf-test-multi-org/distributed-machine-1/organizations/fabric-ca/org1/ca-chain.pem ReenrollIgnoreCertExpiry:false} Signing:0xc00043f3a0 CSR:{CN:fabric-ca-server Names:[{C:US ST:North Carolina L: O:Hyperledger OU:Fabric SerialNumber:}] Hosts:[localhost 192.168.0.151] KeyRequest:0xc0001cbcc0 CA:0xc0003ade00 SerialNumber:} Registry:{MaxEnrollments:-1 Identities:[{ Name:**** Pass:**** Type:client Affiliation: MaxEnrollments:0 Attrs:map[hf.AffiliationMgr:1 hf.GenCRL:1 hf.IntermediateCA:1 hf.Registrar.Attributes:* hf.Registrar.DelegateRoles:* hf.Registrar.Roles:* hf.Revoker:1]  }]} Affiliations:map[org1:[department1 department2] org2:[department1]] LDAP:{ Enabled:false URL:ldap://****:****@<host>:<port>/<base> UserFilter:(uid=%s) GroupFilter:(memberUid=%s) Attribute:{[uid member] [{ }] map[groups:[{ }]]} TLS:{false [] { }}  } DB:{ Type:sqlite3 Datasource:/home/vm1/hlf-test-multi-org/distributed-machine-1/organizations/fabric-ca/org1/fabric-ca-server.db TLS:{false [] { }}  } CSP:0xc00019ac90 Client:<nil> Intermediate:{ParentServer:{ URL: CAName:  } TLS:{Enabled:false CertFiles:[] Client:{KeyFile: CertFile:}} Enrollment:{ Name: Secret:**** CAName: AttrReqs:[] Profile: Label: CSR:<nil> Type:x509  }} CRL:{Expiry:24h0m0s} Idemix:{Curve:amcl.Fp256bn IssuerPublicKeyfile:/home/vm1/hlf-test-multi-org/distributed-machine-1/organizations/fabric-ca/org1/IssuerPublicKey IssuerSecretKeyfile:/home/vm1/hlf-test-multi-org/distributed-machine-1/organizations/fabric-ca/org1/msp/keystore/IssuerSecretKey RevocationPublicKeyfile:/home/vm1/hlf-test-multi-org/distributed-machine-1/organizations/fabric-ca/org1/IssuerRevocationPublicKey RevocationPrivateKeyfile:/home/vm1/hlf-test-multi-org/distributed-machine-1/organizations/fabric-ca/org1/msp/keystore/IssuerRevocationPrivateKey RHPoolSize:1000 NonceExpiration:15s NonceSweepInterval:15m}}
2024/05/23 21:02:40 [DEBUG] DB: Getting identity peer0
2024/05/23 21:02:40 [DEBUG] DB: Login user peer0 with max enrollments of -1 and state of 1
2024/05/23 21:02:40 [DEBUG] DB: identity peer0 successfully logged in
2024/05/23 21:02:40 [DEBUG] DB: Getting identity peer0
2024/05/23 21:02:40 [DEBUG] Processing sign request: id=peer0, CommonName=peer0, Subject=<nil>
2024/05/23 21:02:40 [DEBUG] Request is not for a CA signing certificate
2024/05/23 21:02:40 [DEBUG] Checking CSR fields to make sure that they do not exceed maximum character limits
2024/05/23 21:02:40 [DEBUG] Finished processing sign request
2024/05/23 21:02:40 [DEBUG] DB: Getting identity peer0
2024/05/23 21:02:40 [DEBUG] Attribute extension being added to certificate is: &{ID:[1 2 3 4 5 6 7 8 1] Critical:false Value:7b226174747273223a7b2268662e416666696c696174696f6e223a22222c2268662e456e726f6c6c6d656e744944223a227065657230222c2268662e54797065223a2270656572227d7d}
2024/05/23 21:02:40 [DEBUG] Adding attribute extension to CSR: &{ID:[1 2 3 4 5 6 7 8 1] Critical:false Value:7b226174747273223a7b2268662e416666696c696174696f6e223a22222c2268662e456e726f6c6c6d656e744944223a227065657230222c2268662e54797065223a2270656572227d7d}
2024/05/23 21:02:40 [INFO] signed certificate with serial number 222337980769580744172413699494559811698726718544
2024/05/23 21:02:40 [DEBUG] DB: Insert Certificate
2024/05/23 21:02:40 [DEBUG] Saved serial number as hex 26f1fad8eb70e54dc22dd0bd63a33084a28ecc50
2024/05/23 21:02:40 [DEBUG] saved certificate with serial number 222337980769580744172413699494559811698726718544
2024/05/23 21:02:40 [DEBUG] Successfully incremented state for identity peer0 to 2
2024/05/23 21:02:40 [INFO] 192.168.0.151:38532 POST /enroll 201 0 "OK"
2024/05/23 21:02:41 [DEBUG] Received request for /enroll
2024/05/23 21:02:41 [DEBUG] ca.Config: &{Version:v1.5.9 Cfg:{Identities:{PasswordAttempts:10 AllowRemove:false} Affiliations:{AllowRemove:false}} CA:{Name:ca-org1 Keyfile:/home/vm1/hlf-test-multi-org/distributed-machine-1/organizations/fabric-ca/org1/ca-key.pem Certfile:/home/vm1/hlf-test-multi-org/distributed-machine-1/organizations/fabric-ca/org1/ca-cert.pem Chainfile:/home/vm1/hlf-test-multi-org/distributed-machine-1/organizations/fabric-ca/org1/ca-chain.pem ReenrollIgnoreCertExpiry:false} Signing:0xc00043f3a0 CSR:{CN:fabric-ca-server Names:[{C:US ST:North Carolina L: O:Hyperledger OU:Fabric SerialNumber:}] Hosts:[localhost 192.168.0.151] KeyRequest:0xc0001cbcc0 CA:0xc0003ade00 SerialNumber:} Registry:{MaxEnrollments:-1 Identities:[{ Name:**** Pass:**** Type:client Affiliation: MaxEnrollments:0 Attrs:map[hf.AffiliationMgr:1 hf.GenCRL:1 hf.IntermediateCA:1 hf.Registrar.Attributes:* hf.Registrar.DelegateRoles:* hf.Registrar.Roles:* hf.Revoker:1]  }]} Affiliations:map[org1:[department1 department2] org2:[department1]] LDAP:{ Enabled:false URL:ldap://****:****@<host>:<port>/<base> UserFilter:(uid=%s) GroupFilter:(memberUid=%s) Attribute:{[uid member] [{ }] map[groups:[{ }]]} TLS:{false [] { }}  } DB:{ Type:sqlite3 Datasource:/home/vm1/hlf-test-multi-org/distributed-machine-1/organizations/fabric-ca/org1/fabric-ca-server.db TLS:{false [] { }}  } CSP:0xc00019ac90 Client:<nil> Intermediate:{ParentServer:{ URL: CAName:  } TLS:{Enabled:false CertFiles:[] Client:{KeyFile: CertFile:}} Enrollment:{ Name: Secret:**** CAName: AttrReqs:[] Profile: Label: CSR:<nil> Type:x509  }} CRL:{Expiry:24h0m0s} Idemix:{Curve:amcl.Fp256bn IssuerPublicKeyfile:/home/vm1/hlf-test-multi-org/distributed-machine-1/organizations/fabric-ca/org1/IssuerPublicKey IssuerSecretKeyfile:/home/vm1/hlf-test-multi-org/distributed-machine-1/organizations/fabric-ca/org1/msp/keystore/IssuerSecretKey RevocationPublicKeyfile:/home/vm1/hlf-test-multi-org/distributed-machine-1/organizations/fabric-ca/org1/IssuerRevocationPublicKey RevocationPrivateKeyfile:/home/vm1/hlf-test-multi-org/distributed-machine-1/organizations/fabric-ca/org1/msp/keystore/IssuerRevocationPrivateKey RHPoolSize:1000 NonceExpiration:15s NonceSweepInterval:15m}}
2024/05/23 21:02:41 [DEBUG] DB: Getting identity peer1
2024/05/23 21:02:41 [DEBUG] DB: Login user peer1 with max enrollments of -1 and state of 0
2024/05/23 21:02:41 [DEBUG] DB: identity peer1 successfully logged in
2024/05/23 21:02:41 [DEBUG] DB: Getting identity peer1
2024/05/23 21:02:41 [DEBUG] Processing sign request: id=peer1, CommonName=peer1, Subject=<nil>
2024/05/23 21:02:41 [DEBUG] Request is not for a CA signing certificate
2024/05/23 21:02:41 [DEBUG] Checking CSR fields to make sure that they do not exceed maximum character limits
2024/05/23 21:02:41 [DEBUG] Finished processing sign request
2024/05/23 21:02:41 [DEBUG] DB: Getting identity peer1
2024/05/23 21:02:41 [DEBUG] Attribute extension being added to certificate is: &{ID:[1 2 3 4 5 6 7 8 1] Critical:false Value:7b226174747273223a7b2268662e416666696c696174696f6e223a22222c2268662e456e726f6c6c6d656e744944223a227065657231222c2268662e54797065223a2270656572227d7d}
2024/05/23 21:02:41 [DEBUG] Adding attribute extension to CSR: &{ID:[1 2 3 4 5 6 7 8 1] Critical:false Value:7b226174747273223a7b2268662e416666696c696174696f6e223a22222c2268662e456e726f6c6c6d656e744944223a227065657231222c2268662e54797065223a2270656572227d7d}
2024/05/23 21:02:41 [INFO] signed certificate with serial number 167825986046161825501838456818389129152561902374
2024/05/23 21:02:41 [DEBUG] DB: Insert Certificate
2024/05/23 21:02:41 [DEBUG] Saved serial number as hex 1d6593d64bcdbf19ce6e4bbaa7c26d89c6bb7326
2024/05/23 21:02:41 [DEBUG] saved certificate with serial number 167825986046161825501838456818389129152561902374
2024/05/23 21:02:41 [DEBUG] Successfully incremented state for identity peer1 to 1
2024/05/23 21:02:41 [INFO] 192.168.0.151:38536 POST /enroll 201 0 "OK"
2024/05/23 21:02:41 [DEBUG] Received request for /enroll
2024/05/23 21:02:41 [DEBUG] ca.Config: &{Version:v1.5.9 Cfg:{Identities:{PasswordAttempts:10 AllowRemove:false} Affiliations:{AllowRemove:false}} CA:{Name:ca-org1 Keyfile:/home/vm1/hlf-test-multi-org/distributed-machine-1/organizations/fabric-ca/org1/ca-key.pem Certfile:/home/vm1/hlf-test-multi-org/distributed-machine-1/organizations/fabric-ca/org1/ca-cert.pem Chainfile:/home/vm1/hlf-test-multi-org/distributed-machine-1/organizations/fabric-ca/org1/ca-chain.pem ReenrollIgnoreCertExpiry:false} Signing:0xc00043f3a0 CSR:{CN:fabric-ca-server Names:[{C:US ST:North Carolina L: O:Hyperledger OU:Fabric SerialNumber:}] Hosts:[localhost 192.168.0.151] KeyRequest:0xc0001cbcc0 CA:0xc0003ade00 SerialNumber:} Registry:{MaxEnrollments:-1 Identities:[{ Name:**** Pass:**** Type:client Affiliation: MaxEnrollments:0 Attrs:map[hf.AffiliationMgr:1 hf.GenCRL:1 hf.IntermediateCA:1 hf.Registrar.Attributes:* hf.Registrar.DelegateRoles:* hf.Registrar.Roles:* hf.Revoker:1]  }]} Affiliations:map[org1:[department1 department2] org2:[department1]] LDAP:{ Enabled:false URL:ldap://****:****@<host>:<port>/<base> UserFilter:(uid=%s) GroupFilter:(memberUid=%s) Attribute:{[uid member] [{ }] map[groups:[{ }]]} TLS:{false [] { }}  } DB:{ Type:sqlite3 Datasource:/home/vm1/hlf-test-multi-org/distributed-machine-1/organizations/fabric-ca/org1/fabric-ca-server.db TLS:{false [] { }}  } CSP:0xc00019ac90 Client:<nil> Intermediate:{ParentServer:{ URL: CAName:  } TLS:{Enabled:false CertFiles:[] Client:{KeyFile: CertFile:}} Enrollment:{ Name: Secret:**** CAName: AttrReqs:[] Profile: Label: CSR:<nil> Type:x509  }} CRL:{Expiry:24h0m0s} Idemix:{Curve:amcl.Fp256bn IssuerPublicKeyfile:/home/vm1/hlf-test-multi-org/distributed-machine-1/organizations/fabric-ca/org1/IssuerPublicKey IssuerSecretKeyfile:/home/vm1/hlf-test-multi-org/distributed-machine-1/organizations/fabric-ca/org1/msp/keystore/IssuerSecretKey RevocationPublicKeyfile:/home/vm1/hlf-test-multi-org/distributed-machine-1/organizations/fabric-ca/org1/IssuerRevocationPublicKey RevocationPrivateKeyfile:/home/vm1/hlf-test-multi-org/distributed-machine-1/organizations/fabric-ca/org1/msp/keystore/IssuerRevocationPrivateKey RHPoolSize:1000 NonceExpiration:15s NonceSweepInterval:15m}}
2024/05/23 21:02:41 [DEBUG] DB: Getting identity peer1
2024/05/23 21:02:41 [DEBUG] DB: Login user peer1 with max enrollments of -1 and state of 1
2024/05/23 21:02:41 [DEBUG] DB: identity peer1 successfully logged in
2024/05/23 21:02:41 [DEBUG] DB: Getting identity peer1
2024/05/23 21:02:41 [DEBUG] Processing sign request: id=peer1, CommonName=peer1, Subject=<nil>
2024/05/23 21:02:41 [DEBUG] Request is not for a CA signing certificate
2024/05/23 21:02:41 [DEBUG] Checking CSR fields to make sure that they do not exceed maximum character limits
2024/05/23 21:02:41 [DEBUG] Finished processing sign request
2024/05/23 21:02:41 [DEBUG] DB: Getting identity peer1
2024/05/23 21:02:41 [DEBUG] Attribute extension being added to certificate is: &{ID:[1 2 3 4 5 6 7 8 1] Critical:false Value:7b226174747273223a7b2268662e416666696c696174696f6e223a22222c2268662e456e726f6c6c6d656e744944223a227065657231222c2268662e54797065223a2270656572227d7d}
2024/05/23 21:02:41 [DEBUG] Adding attribute extension to CSR: &{ID:[1 2 3 4 5 6 7 8 1] Critical:false Value:7b226174747273223a7b2268662e416666696c696174696f6e223a22222c2268662e456e726f6c6c6d656e744944223a227065657231222c2268662e54797065223a2270656572227d7d}
2024/05/23 21:02:41 [INFO] signed certificate with serial number 143535548965605218801605073457053231062282595147
2024/05/23 21:02:41 [DEBUG] DB: Insert Certificate
2024/05/23 21:02:41 [DEBUG] Saved serial number as hex 19245b4b60cbf15981e179f4b6b6bb14b082eb4b
2024/05/23 21:02:41 [DEBUG] saved certificate with serial number 143535548965605218801605073457053231062282595147
2024/05/23 21:02:41 [DEBUG] Successfully incremented state for identity peer1 to 2
2024/05/23 21:02:41 [INFO] 192.168.0.151:38550 POST /enroll 201 0 "OK"
2024/05/23 21:02:41 [DEBUG] Received request for /enroll
2024/05/23 21:02:41 [DEBUG] ca.Config: &{Version:v1.5.9 Cfg:{Identities:{PasswordAttempts:10 AllowRemove:false} Affiliations:{AllowRemove:false}} CA:{Name:ca-org1 Keyfile:/home/vm1/hlf-test-multi-org/distributed-machine-1/organizations/fabric-ca/org1/ca-key.pem Certfile:/home/vm1/hlf-test-multi-org/distributed-machine-1/organizations/fabric-ca/org1/ca-cert.pem Chainfile:/home/vm1/hlf-test-multi-org/distributed-machine-1/organizations/fabric-ca/org1/ca-chain.pem ReenrollIgnoreCertExpiry:false} Signing:0xc00043f3a0 CSR:{CN:fabric-ca-server Names:[{C:US ST:North Carolina L: O:Hyperledger OU:Fabric SerialNumber:}] Hosts:[localhost 192.168.0.151] KeyRequest:0xc0001cbcc0 CA:0xc0003ade00 SerialNumber:} Registry:{MaxEnrollments:-1 Identities:[{ Name:**** Pass:**** Type:client Affiliation: MaxEnrollments:0 Attrs:map[hf.AffiliationMgr:1 hf.GenCRL:1 hf.IntermediateCA:1 hf.Registrar.Attributes:* hf.Registrar.DelegateRoles:* hf.Registrar.Roles:* hf.Revoker:1]  }]} Affiliations:map[org1:[department1 department2] org2:[department1]] LDAP:{ Enabled:false URL:ldap://****:****@<host>:<port>/<base> UserFilter:(uid=%s) GroupFilter:(memberUid=%s) Attribute:{[uid member] [{ }] map[groups:[{ }]]} TLS:{false [] { }}  } DB:{ Type:sqlite3 Datasource:/home/vm1/hlf-test-multi-org/distributed-machine-1/organizations/fabric-ca/org1/fabric-ca-server.db TLS:{false [] { }}  } CSP:0xc00019ac90 Client:<nil> Intermediate:{ParentServer:{ URL: CAName:  } TLS:{Enabled:false CertFiles:[] Client:{KeyFile: CertFile:}} Enrollment:{ Name: Secret:**** CAName: AttrReqs:[] Profile: Label: CSR:<nil> Type:x509  }} CRL:{Expiry:24h0m0s} Idemix:{Curve:amcl.Fp256bn IssuerPublicKeyfile:/home/vm1/hlf-test-multi-org/distributed-machine-1/organizations/fabric-ca/org1/IssuerPublicKey IssuerSecretKeyfile:/home/vm1/hlf-test-multi-org/distributed-machine-1/organizations/fabric-ca/org1/msp/keystore/IssuerSecretKey RevocationPublicKeyfile:/home/vm1/hlf-test-multi-org/distributed-machine-1/organizations/fabric-ca/org1/IssuerRevocationPublicKey RevocationPrivateKeyfile:/home/vm1/hlf-test-multi-org/distributed-machine-1/organizations/fabric-ca/org1/msp/keystore/IssuerRevocationPrivateKey RHPoolSize:1000 NonceExpiration:15s NonceSweepInterval:15m}}
2024/05/23 21:02:41 [DEBUG] DB: Getting identity user1
2024/05/23 21:02:41 [DEBUG] DB: Login user user1 with max enrollments of -1 and state of 0
2024/05/23 21:02:41 [DEBUG] DB: identity user1 successfully logged in
2024/05/23 21:02:41 [DEBUG] DB: Getting identity user1
2024/05/23 21:02:41 [DEBUG] Processing sign request: id=user1, CommonName=user1, Subject=<nil>
2024/05/23 21:02:41 [DEBUG] Request is not for a CA signing certificate
2024/05/23 21:02:41 [DEBUG] Checking CSR fields to make sure that they do not exceed maximum character limits
2024/05/23 21:02:41 [DEBUG] Finished processing sign request
2024/05/23 21:02:41 [DEBUG] DB: Getting identity user1
2024/05/23 21:02:41 [DEBUG] Attribute extension being added to certificate is: &{ID:[1 2 3 4 5 6 7 8 1] Critical:false Value:7b226174747273223a7b2268662e416666696c696174696f6e223a22222c2268662e456e726f6c6c6d656e744944223a227573657231222c2268662e54797065223a22636c69656e74227d7d}
2024/05/23 21:02:41 [DEBUG] Adding attribute extension to CSR: &{ID:[1 2 3 4 5 6 7 8 1] Critical:false Value:7b226174747273223a7b2268662e416666696c696174696f6e223a22222c2268662e456e726f6c6c6d656e744944223a227573657231222c2268662e54797065223a22636c69656e74227d7d}
2024/05/23 21:02:41 [INFO] signed certificate with serial number 259883157437716970671633859242914808705747034166
2024/05/23 21:02:41 [DEBUG] DB: Insert Certificate
2024/05/23 21:02:41 [DEBUG] Saved serial number as hex 2d8590569ad0268707590154fe5baa07b7e4a036
2024/05/23 21:02:41 [DEBUG] saved certificate with serial number 259883157437716970671633859242914808705747034166
2024/05/23 21:02:41 [DEBUG] Successfully incremented state for identity user1 to 1
2024/05/23 21:02:41 [INFO] 192.168.0.151:38562 POST /enroll 201 0 "OK"
2024/05/23 21:02:41 [DEBUG] Received request for /enroll
2024/05/23 21:02:41 [DEBUG] ca.Config: &{Version:v1.5.9 Cfg:{Identities:{PasswordAttempts:10 AllowRemove:false} Affiliations:{AllowRemove:false}} CA:{Name:ca-org1 Keyfile:/home/vm1/hlf-test-multi-org/distributed-machine-1/organizations/fabric-ca/org1/ca-key.pem Certfile:/home/vm1/hlf-test-multi-org/distributed-machine-1/organizations/fabric-ca/org1/ca-cert.pem Chainfile:/home/vm1/hlf-test-multi-org/distributed-machine-1/organizations/fabric-ca/org1/ca-chain.pem ReenrollIgnoreCertExpiry:false} Signing:0xc00043f3a0 CSR:{CN:fabric-ca-server Names:[{C:US ST:North Carolina L: O:Hyperledger OU:Fabric SerialNumber:}] Hosts:[localhost 192.168.0.151] KeyRequest:0xc0001cbcc0 CA:0xc0003ade00 SerialNumber:} Registry:{MaxEnrollments:-1 Identities:[{ Name:**** Pass:**** Type:client Affiliation: MaxEnrollments:0 Attrs:map[hf.AffiliationMgr:1 hf.GenCRL:1 hf.IntermediateCA:1 hf.Registrar.Attributes:* hf.Registrar.DelegateRoles:* hf.Registrar.Roles:* hf.Revoker:1]  }]} Affiliations:map[org1:[department1 department2] org2:[department1]] LDAP:{ Enabled:false URL:ldap://****:****@<host>:<port>/<base> UserFilter:(uid=%s) GroupFilter:(memberUid=%s) Attribute:{[uid member] [{ }] map[groups:[{ }]]} TLS:{false [] { }}  } DB:{ Type:sqlite3 Datasource:/home/vm1/hlf-test-multi-org/distributed-machine-1/organizations/fabric-ca/org1/fabric-ca-server.db TLS:{false [] { }}  } CSP:0xc00019ac90 Client:<nil> Intermediate:{ParentServer:{ URL: CAName:  } TLS:{Enabled:false CertFiles:[] Client:{KeyFile: CertFile:}} Enrollment:{ Name: Secret:**** CAName: AttrReqs:[] Profile: Label: CSR:<nil> Type:x509  }} CRL:{Expiry:24h0m0s} Idemix:{Curve:amcl.Fp256bn IssuerPublicKeyfile:/home/vm1/hlf-test-multi-org/distributed-machine-1/organizations/fabric-ca/org1/IssuerPublicKey IssuerSecretKeyfile:/home/vm1/hlf-test-multi-org/distributed-machine-1/organizations/fabric-ca/org1/msp/keystore/IssuerSecretKey RevocationPublicKeyfile:/home/vm1/hlf-test-multi-org/distributed-machine-1/organizations/fabric-ca/org1/IssuerRevocationPublicKey RevocationPrivateKeyfile:/home/vm1/hlf-test-multi-org/distributed-machine-1/organizations/fabric-ca/org1/msp/keystore/IssuerRevocationPrivateKey RHPoolSize:1000 NonceExpiration:15s NonceSweepInterval:15m}}
2024/05/23 21:02:41 [DEBUG] DB: Getting identity org1admin
2024/05/23 21:02:41 [DEBUG] DB: Login user org1admin with max enrollments of -1 and state of 0
2024/05/23 21:02:41 [DEBUG] DB: identity org1admin successfully logged in
2024/05/23 21:02:41 [DEBUG] DB: Getting identity org1admin
2024/05/23 21:02:41 [DEBUG] Processing sign request: id=org1admin, CommonName=org1admin, Subject=<nil>
2024/05/23 21:02:41 [DEBUG] Request is not for a CA signing certificate
2024/05/23 21:02:41 [DEBUG] Checking CSR fields to make sure that they do not exceed maximum character limits
2024/05/23 21:02:41 [DEBUG] Finished processing sign request
2024/05/23 21:02:41 [DEBUG] DB: Getting identity org1admin
2024/05/23 21:02:41 [DEBUG] Attribute extension being added to certificate is: &{ID:[1 2 3 4 5 6 7 8 1] Critical:false Value:7b226174747273223a7b2268662e416666696c696174696f6e223a22222c2268662e456e726f6c6c6d656e744944223a226f72673161646d696e222c2268662e54797065223a2261646d696e227d7d}
2024/05/23 21:02:41 [DEBUG] Adding attribute extension to CSR: &{ID:[1 2 3 4 5 6 7 8 1] Critical:false Value:7b226174747273223a7b2268662e416666696c696174696f6e223a22222c2268662e456e726f6c6c6d656e744944223a226f72673161646d696e222c2268662e54797065223a2261646d696e227d7d}
2024/05/23 21:02:41 [INFO] signed certificate with serial number 116531251153301531881456505505323895431761685341
2024/05/23 21:02:41 [DEBUG] DB: Insert Certificate
2024/05/23 21:02:41 [DEBUG] Saved serial number as hex 146971288ff94da61d5f36617d99157d286aeb5d
2024/05/23 21:02:41 [DEBUG] saved certificate with serial number 116531251153301531881456505505323895431761685341
2024/05/23 21:02:41 [DEBUG] Successfully incremented state for identity org1admin to 1
2024/05/23 21:02:41 [INFO] 192.168.0.151:38568 POST /enroll 201 0 "OK"
