2024/05/26 07:39:10 [DEBUG] Home directory: /home/vm3/hlf-test-multi-org/distributed-machine-1/organizations/fabric-ca/ordererOrg
2024/05/26 07:39:10 [DEBUG] parent server URL: ''
2024/05/26 07:39:10 [INFO] Created default configuration file at /home/vm3/hlf-test-multi-org/distributed-machine-1/organizations/fabric-ca/ordererOrg/fabric-ca-server-config.yaml
2024/05/26 07:39:10 [INFO] Starting server in home directory: /home/vm3/hlf-test-multi-org/distributed-machine-1/organizations/fabric-ca/ordererOrg
2024/05/26 07:39:10 [DEBUG] Set log level: 
2024/05/26 07:39:10 [INFO] Server Version: v1.5.11
2024/05/26 07:39:10 [INFO] Server Levels: &{Identity:2 Affiliation:1 Certificate:1 Credential:1 RAInfo:1 Nonce:1}
2024/05/26 07:39:10 [DEBUG] Making server filenames absolute
2024/05/26 07:39:10 [DEBUG] Initializing default CA in directory /home/vm3/hlf-test-multi-org/distributed-machine-1/organizations/fabric-ca/ordererOrg
2024/05/26 07:39:10 [DEBUG] Init CA with home /home/vm3/hlf-test-multi-org/distributed-machine-1/organizations/fabric-ca/ordererOrg and config {Version:v1.5.11 Cfg:{Identities:{PasswordAttempts:10 AllowRemove:false} Affiliations:{AllowRemove:false}} CA:{Name:ca-orderer Keyfile: Certfile:ca-cert.pem Chainfile:ca-chain.pem ReenrollIgnoreCertExpiry:false} Signing:0xc00061ccc0 CSR:{CN:fabric-ca-server Names:[{C:US ST:North Carolina L: O:Hyperledger OU:Fabric SerialNumber:}] Hosts:[localhost 192.168.43.154] KeyRequest:0xc000323e00 CA:0xc000622150 SerialNumber:} Registry:{MaxEnrollments:-1 Identities:[{ Name:**** Pass:**** Type:client Affiliation: MaxEnrollments:0 Attrs:map[hf.AffiliationMgr:1 hf.GenCRL:1 hf.IntermediateCA:1 hf.Registrar.Attributes:* hf.Registrar.DelegateRoles:* hf.Registrar.Roles:* hf.Revoker:1]  }]} Affiliations:map[org1:[department1 department2] org2:[department1]] LDAP:{ Enabled:false URL:ldap://****:****@<host>:<port>/<base> UserFilter:(uid=%s) GroupFilter:(memberUid=%s) Attribute:{[uid member] [{ }] map[groups:[{ }]]} TLS:{false [] { }}  } DB:{ Type:sqlite3 Datasource:fabric-ca-server.db TLS:{false [] { }}  } CSP:0xc000012900 Client:<nil> Intermediate:{ParentServer:{ URL: CAName:  } TLS:{Enabled:false CertFiles:[] Client:{KeyFile: CertFile:}} Enrollment:{ Name: Secret:**** CAName: AttrReqs:[] Profile: Label: CSR:<nil> Type:x509  }} CRL:{Expiry:24h0m0s} Idemix:{Curve:amcl.Fp256bn IssuerPublicKeyfile: IssuerSecretKeyfile: RevocationPublicKeyfile: RevocationPrivateKeyfile: RHPoolSize:1000 NonceExpiration:15s NonceSweepInterval:15m}}
2024/05/26 07:39:10 [DEBUG] CA Home Directory: /home/vm3/hlf-test-multi-org/distributed-machine-1/organizations/fabric-ca/ordererOrg
2024/05/26 07:39:10 [DEBUG] Checking configuration file version 'v1.5.11' against server version: 'v1.5.11'
2024/05/26 07:39:10 [DEBUG] Initializing BCCSP: &{Default:SW SW:0xc000323f40}
2024/05/26 07:39:10 [DEBUG] Initializing BCCSP with software options &{Security:256 Hash:SHA2 FileKeystore:0xc0006360e0}
2024/05/26 07:39:10 [DEBUG] Initialize key material
2024/05/26 07:39:10 [DEBUG] Making CA filenames absolute
2024/05/26 07:39:10 [WARNING] &{69 The specified CA certificate file /home/vm3/hlf-test-multi-org/distributed-machine-1/organizations/fabric-ca/ordererOrg/ca-cert.pem does not exist}
2024/05/26 07:39:10 [DEBUG] Root CA certificate request: {CN:fabric-ca-server Names:[{C:US ST:North Carolina L: O:Hyperledger OU:Fabric SerialNumber:}] Hosts:[localhost 192.168.43.154] KeyRequest:0xc000012fc0 CA:0xc000622150 SerialNumber:}
2024/05/26 07:39:10 [INFO] generating key: &{A:ecdsa S:256}
2024/05/26 07:39:10 [DEBUG] generate key from request: algo=ecdsa, size=256
2024/05/26 07:39:10 [INFO] encoded CSR
2024/05/26 07:39:10 [DEBUG] validating configuration
2024/05/26 07:39:10 [DEBUG] validate local profile
2024/05/26 07:39:10 [DEBUG] profile is valid
2024/05/26 07:39:10 [INFO] signed certificate with serial number 720210289297375405068178895819796024514717263207
2024/05/26 07:39:10 [INFO] The CA key and certificate were generated for CA ca-orderer
2024/05/26 07:39:10 [INFO] The key was stored by BCCSP provider 'SW'
2024/05/26 07:39:10 [INFO] The certificate is at: /home/vm3/hlf-test-multi-org/distributed-machine-1/organizations/fabric-ca/ordererOrg/ca-cert.pem
2024/05/26 07:39:10 [DEBUG] Initializing DB
2024/05/26 07:39:10 [DEBUG] Initializing 'sqlite3' database at '/home/vm3/hlf-test-multi-org/distributed-machine-1/organizations/fabric-ca/ordererOrg/fabric-ca-server.db'
2024/05/26 07:39:10 [DEBUG] Using sqlite database, connect to database in home (/home/vm3/hlf-test-multi-org/distributed-machine-1/organizations/fabric-ca/ordererOrg/fabric-ca-server.db) directory
2024/05/26 07:39:10 [DEBUG] Creating SQLite database (/home/vm3/hlf-test-multi-org/distributed-machine-1/organizations/fabric-ca/ordererOrg/fabric-ca-server.db) if it does not exist...
2024/05/26 07:39:10 [DEBUG] Creating users table if it does not exist
2024/05/26 07:39:10 [DEBUG] Creating affiliations table if it does not exist
2024/05/26 07:39:10 [DEBUG] Creating certificates table if it does not exist
2024/05/26 07:39:10 [DEBUG] Creating credentials table if it does not exist
2024/05/26 07:39:10 [DEBUG] Creating revocation_authority_info table if it does not exist
2024/05/26 07:39:10 [DEBUG] Creating nonces table if it does not exist
2024/05/26 07:39:10 [DEBUG] Creating properties table if it does not exist
2024/05/26 07:39:10 [DEBUG] Successfully opened sqlite3 DB
2024/05/26 07:39:10 [DEBUG] Initializing identity registry
2024/05/26 07:39:10 [DEBUG] Initialized DB identity registry
2024/05/26 07:39:10 [DEBUG] Checking database levels '&{Identity:0 Affiliation:0 Certificate:0 Credential:0 RAInfo:0 Nonce:0}' against server levels '&{Identity:2 Affiliation:1 Certificate:1 Credential:1 RAInfo:1 Nonce:1}'
2024/05/26 07:39:10 [DEBUG] Migrating users table...
2024/05/26 07:39:10 [DEBUG] Upgrade identity table to level 1
2024/05/26 07:39:10 [DEBUG] Creating users table if it does not exist
2024/05/26 07:39:10 [DEBUG] Upgrade identity table to level 2
2024/05/26 07:39:10 [DEBUG] Creating users table if it does not exist
2024/05/26 07:39:10 [DEBUG] Migrating affiliation table...
2024/05/26 07:39:10 [DEBUG] Upgrade affiliations table to level 1
2024/05/26 07:39:10 [DEBUG] Creating affiliations table if it does not exist
2024/05/26 07:39:10 [DEBUG] Upgrade certificates table...
2024/05/26 07:39:10 [DEBUG] Upgrade certificates table to level 1
2024/05/26 07:39:10 [DEBUG] Creating certificates table if it does not exist
2024/05/26 07:39:10 [DEBUG] Migrating credentials table...
2024/05/26 07:39:10 [DEBUG] Migrating nonces table...
2024/05/26 07:39:10 [DEBUG] Migrating revocation_authority_info table...
2024/05/26 07:39:10 [DEBUG] Loading identity table
2024/05/26 07:39:10 [DEBUG] Loading identity 'admin'
2024/05/26 07:39:10 [DEBUG] DB: Getting identity admin
2024/05/26 07:39:10 [DEBUG] Max enrollment value verification - User specified max enrollment: 0, CA max enrollment: -1
2024/05/26 07:39:10 [DEBUG] DB: Add identity admin
2024/05/26 07:39:10 [DEBUG] Successfully added identity admin to the database
2024/05/26 07:39:10 [DEBUG] Registered identity: { Name:**** Pass:**** Type:client Affiliation: MaxEnrollments:-1 Attrs:map[hf.AffiliationMgr:1 hf.GenCRL:1 hf.IntermediateCA:1 hf.Registrar.Attributes:* hf.Registrar.DelegateRoles:* hf.Registrar.Roles:* hf.Revoker:1]  }
2024/05/26 07:39:10 [DEBUG] Successfully loaded identity table
2024/05/26 07:39:10 [DEBUG] Loading affiliations table
2024/05/26 07:39:10 [DEBUG] DB: Add affiliation org1
2024/05/26 07:39:10 [DEBUG] Affiliation 'org1' added
2024/05/26 07:39:10 [DEBUG] DB: Add affiliation org1.department1
2024/05/26 07:39:10 [DEBUG] Affiliation 'org1.department1' added
2024/05/26 07:39:10 [DEBUG] DB: Add affiliation org1.department2
2024/05/26 07:39:10 [DEBUG] Affiliation 'org1.department2' added
2024/05/26 07:39:10 [DEBUG] DB: Add affiliation org2
2024/05/26 07:39:10 [DEBUG] Affiliation 'org2' added
2024/05/26 07:39:10 [DEBUG] DB: Add affiliation org2.department1
2024/05/26 07:39:10 [DEBUG] Affiliation 'org2.department1' added
2024/05/26 07:39:10 [DEBUG] Successfully loaded affiliations table
2024/05/26 07:39:10 [INFO] Initialized sqlite3 database at /home/vm3/hlf-test-multi-org/distributed-machine-1/organizations/fabric-ca/ordererOrg/fabric-ca-server.db
2024/05/26 07:39:10 [DEBUG] Initializing enrollment signer
2024/05/26 07:39:10 [DEBUG] validating configuration
2024/05/26 07:39:10 [DEBUG] validate local profile
2024/05/26 07:39:10 [DEBUG] profile is valid
2024/05/26 07:39:10 [DEBUG] validate local profile
2024/05/26 07:39:10 [DEBUG] profile is valid
2024/05/26 07:39:10 [DEBUG] validate local profile
2024/05/26 07:39:10 [DEBUG] profile is valid
2024/05/26 07:39:10 [DEBUG] CA initialization successful
2024/05/26 07:39:10 [DEBUG] Initializing Idemix issuer...
2024/05/26 07:39:10 [DEBUG] Using curve amcl.Fp256bn for Idemix
2024/05/26 07:39:10 [DEBUG] renew is set to [false]
2024/05/26 07:39:10 [DEBUG] pubKeyFileExists && privKeyFileExists : [/home/vm3/hlf-test-multi-org/distributed-machine-1/organizations/fabric-ca/ordererOrg/IssuerPublicKey:%!s(bool=false)][/home/vm3/hlf-test-multi-org/distributed-machine-1/organizations/fabric-ca/ordererOrg/msp/keystore/IssuerSecretKey:%!s(bool=false)]
2024/05/26 07:39:10 [DEBUG] Idemix issuer public and secret keys were generated for CA 'ca-orderer'
2024/05/26 07:39:10 [INFO] The issuer key was successfully stored. The public key is at: /home/vm3/hlf-test-multi-org/distributed-machine-1/organizations/fabric-ca/ordererOrg/IssuerPublicKey, secret key is at: /home/vm3/hlf-test-multi-org/distributed-machine-1/organizations/fabric-ca/ordererOrg/msp/keystore/IssuerSecretKey
2024/05/26 07:39:10 [DEBUG] Intializing revocation authority for issuer 'ca-orderer'
2024/05/26 07:39:10 [DEBUG] Initialize Idemix issuer revocation key material
2024/05/26 07:39:10 [INFO] Idemix issuer revocation public and secret keys were generated for CA 'ca-orderer'
2024/05/26 07:39:10 [INFO] The revocation key was successfully stored. The public key is at: /home/vm3/hlf-test-multi-org/distributed-machine-1/organizations/fabric-ca/ordererOrg/IssuerRevocationPublicKey, private key is at: /home/vm3/hlf-test-multi-org/distributed-machine-1/organizations/fabric-ca/ordererOrg/msp/keystore/IssuerRevocationPrivateKey
2024/05/26 07:39:10 [DEBUG] Intializing nonce manager for issuer 'ca-orderer'
2024/05/26 07:39:10 [INFO] Home directory for default CA: /home/vm3/hlf-test-multi-org/distributed-machine-1/organizations/fabric-ca/ordererOrg
2024/05/26 07:39:10 [DEBUG] 1 CA instance(s) running on server
2024/05/26 07:39:10 [INFO] Operation Server Listening on 192.168.43.154:17054
2024/05/26 07:39:10 [DEBUG] TLS is enabled
2024/05/26 07:39:10 [DEBUG] TLS enabled but either certificate or key file does not exist, automatically generating TLS credentials
2024/05/26 07:39:10 [DEBUG] TLS CSR: {CN:fabric-ca-server Names:[{C:US ST:North Carolina L: O:Hyperledger OU:Fabric SerialNumber:}] Hosts:[localhost 192.168.43.154] KeyRequest:0xc000323e00 CA:<nil> SerialNumber:}
2024/05/26 07:39:10 [DEBUG] GenCSR &{CN:fabric-ca-server Names:[{C:US ST:North Carolina L: O:Hyperledger OU:Fabric SerialNumber:}] Hosts:[localhost 192.168.43.154] KeyRequest:0xc000323e00 CA:<nil> SerialNumber:}
2024/05/26 07:39:10 [DEBUG] Initializing client with config: &{URL: MSPDir: TLS:{Enabled:false CertFiles:[] Client:{KeyFile: CertFile:}} Enrollment:{ Name: Secret:**** CAName: AttrReqs:[] Profile: Label: CSR:<nil> Type:  } CSR:{CN: Names:[] Hosts:[] KeyRequest:<nil> CA:<nil> SerialNumber:} ID:{Name: Type: Secret: MaxEnrollments:0 Affiliation: Attributes:[] CAName:} Revoke:{Name: Serial: AKI: Reason: CAName: GenCRL:false} CAInfo:{CAName:} CAName: CSP:0xc000012900 Debug:false LogLevel: Idemix:{Curve:}}
2024/05/26 07:39:10 [DEBUG] Initializing BCCSP: &{Default:SW SW:0xc000323f40}
2024/05/26 07:39:10 [DEBUG] Initializing BCCSP with software options &{Security:256 Hash:SHA2 FileKeystore:0xc0006360e0}
2024/05/26 07:39:10 [DEBUG] CurveID for Idemix not specified, defaulting to amcl.Fp256bn
2024/05/26 07:39:10 [INFO] generating key: &{A:ecdsa S:256}
2024/05/26 07:39:10 [DEBUG] generate key from request: algo=ecdsa, size=256
2024/05/26 07:39:10 [INFO] encoded CSR
2024/05/26 07:39:10 [INFO] signed certificate with serial number 322011290482138519301990087148160162002972447513
2024/05/26 07:39:10 [DEBUG] DB: Insert Certificate
2024/05/26 07:39:10 [DEBUG] Saved serial number as hex 38677c542828b5758270d07fe1f0e596d1e01319
2024/05/26 07:39:10 [DEBUG] saved certificate with serial number 322011290482138519301990087148160162002972447513
2024/05/26 07:39:10 [DEBUG] Generated TLS Certificate: /home/vm3/hlf-test-multi-org/distributed-machine-1/organizations/fabric-ca/ordererOrg/tls-cert.pem
2024/05/26 07:39:10 [DEBUG] Client authentication type requested: noclientcert
2024/05/26 07:39:10 [INFO] Listening on https://192.168.43.154:7054
2024/05/26 07:39:23 [DEBUG] Received request for /enroll
2024/05/26 07:39:23 [DEBUG] ca.Config: &{Version:v1.5.11 Cfg:{Identities:{PasswordAttempts:10 AllowRemove:false} Affiliations:{AllowRemove:false}} CA:{Name:ca-orderer Keyfile:/home/vm3/hlf-test-multi-org/distributed-machine-1/organizations/fabric-ca/ordererOrg/ca-key.pem Certfile:/home/vm3/hlf-test-multi-org/distributed-machine-1/organizations/fabric-ca/ordererOrg/ca-cert.pem Chainfile:/home/vm3/hlf-test-multi-org/distributed-machine-1/organizations/fabric-ca/ordererOrg/ca-chain.pem ReenrollIgnoreCertExpiry:false} Signing:0xc00061ccc0 CSR:{CN:fabric-ca-server Names:[{C:US ST:North Carolina L: O:Hyperledger OU:Fabric SerialNumber:}] Hosts:[localhost 192.168.43.154] KeyRequest:0xc000323e00 CA:0xc000622150 SerialNumber:} Registry:{MaxEnrollments:-1 Identities:[{ Name:**** Pass:**** Type:client Affiliation: MaxEnrollments:0 Attrs:map[hf.AffiliationMgr:1 hf.GenCRL:1 hf.IntermediateCA:1 hf.Registrar.Attributes:* hf.Registrar.DelegateRoles:* hf.Registrar.Roles:* hf.Revoker:1]  }]} Affiliations:map[org1:[department1 department2] org2:[department1]] LDAP:{ Enabled:false URL:ldap://****:****@<host>:<port>/<base> UserFilter:(uid=%s) GroupFilter:(memberUid=%s) Attribute:{[uid member] [{ }] map[groups:[{ }]]} TLS:{false [] { }}  } DB:{ Type:sqlite3 Datasource:/home/vm3/hlf-test-multi-org/distributed-machine-1/organizations/fabric-ca/ordererOrg/fabric-ca-server.db TLS:{false [] { }}  } CSP:0xc000012900 Client:<nil> Intermediate:{ParentServer:{ URL: CAName:  } TLS:{Enabled:false CertFiles:[] Client:{KeyFile: CertFile:}} Enrollment:{ Name: Secret:**** CAName: AttrReqs:[] Profile: Label: CSR:<nil> Type:x509  }} CRL:{Expiry:24h0m0s} Idemix:{Curve:amcl.Fp256bn IssuerPublicKeyfile:/home/vm3/hlf-test-multi-org/distributed-machine-1/organizations/fabric-ca/ordererOrg/IssuerPublicKey IssuerSecretKeyfile:/home/vm3/hlf-test-multi-org/distributed-machine-1/organizations/fabric-ca/ordererOrg/msp/keystore/IssuerSecretKey RevocationPublicKeyfile:/home/vm3/hlf-test-multi-org/distributed-machine-1/organizations/fabric-ca/ordererOrg/IssuerRevocationPublicKey RevocationPrivateKeyfile:/home/vm3/hlf-test-multi-org/distributed-machine-1/organizations/fabric-ca/ordererOrg/msp/keystore/IssuerRevocationPrivateKey RHPoolSize:1000 NonceExpiration:15s NonceSweepInterval:15m}}
2024/05/26 07:39:23 [DEBUG] DB: Getting identity admin
2024/05/26 07:39:23 [DEBUG] DB: Login user admin with max enrollments of -1 and state of 0
2024/05/26 07:39:23 [DEBUG] DB: identity admin successfully logged in
2024/05/26 07:39:23 [DEBUG] DB: Getting identity admin
2024/05/26 07:39:23 [DEBUG] Processing sign request: id=admin, CommonName=admin, Subject=<nil>
2024/05/26 07:39:23 [DEBUG] Request is not for a CA signing certificate
2024/05/26 07:39:23 [DEBUG] Checking CSR fields to make sure that they do not exceed maximum character limits
2024/05/26 07:39:23 [DEBUG] Finished processing sign request
2024/05/26 07:39:23 [DEBUG] DB: Getting identity admin
2024/05/26 07:39:23 [INFO] signed certificate with serial number 704623409126495291019662719810857387835129723348
2024/05/26 07:39:23 [DEBUG] DB: Insert Certificate
2024/05/26 07:39:23 [DEBUG] Saved serial number as hex 7b6c680c369d8fa89d61bd0fa6f975ddb76df9d4
2024/05/26 07:39:23 [DEBUG] saved certificate with serial number 704623409126495291019662719810857387835129723348
2024/05/26 07:39:23 [DEBUG] Successfully incremented state for identity admin to 1
2024/05/26 07:39:23 [INFO] 192.168.43.154:54978 POST /enroll 201 0 "OK"
2024/05/26 07:39:23 [DEBUG] Received request for /register
2024/05/26 07:39:23 [DEBUG] Caller is using a x509 certificate
2024/05/26 07:39:23 [DEBUG] Certicate Dates: NotAfter = 2025-05-26 07:39:00 +0000 UTC NotBefore = 2024-05-26 07:34:00 +0000 UTC 
2024/05/26 07:39:23 [DEBUG] Checking for revocation/expiration of certificate owned by 'admin'
2024/05/26 07:39:23 [DEBUG] DB: Get certificate by serial (7b6c680c369d8fa89d61bd0fa6f975ddb76df9d4) and aki (126b90944830c53c727d03eb0783242387e4bcee)
2024/05/26 07:39:23 [DEBUG] DB: Getting identity admin
2024/05/26 07:39:23 [DEBUG] Successful token authentication of 'admin'
2024/05/26 07:39:23 [DEBUG] Received registration request from admin: { Name:orderer Type:orderer Secret:**** MaxEnrollments:0 Affiliation: Attributes:[] CAName:ca-orderer  }
2024/05/26 07:39:23 [DEBUG] No affiliation provided in registration request, will default to using registrar's affiliation of ''
2024/05/26 07:39:23 [DEBUG] canRegister - Check to see if user 'admin' can register
2024/05/26 07:39:23 [DEBUG] Checking to see if caller 'admin' can act on type 'orderer'
2024/05/26 07:39:23 [DEBUG] Checking to see if caller 'admin' is a registrar
2024/05/26 07:39:23 [DEBUG] Validating affiliation: 
2024/05/26 07:39:23 [DEBUG] Checking to see if affiliation '' contains caller's affiliation ''
2024/05/26 07:39:23 [DEBUG] Caller has root affiliation
2024/05/26 07:39:23 [DEBUG] Registering user id: orderer
2024/05/26 07:39:23 [DEBUG] Max enrollment value verification - User specified max enrollment: 0, CA max enrollment: -1
2024/05/26 07:39:23 [DEBUG] DB: Getting identity orderer
2024/05/26 07:39:23 [DEBUG] DB: Add identity orderer
2024/05/26 07:39:23 [DEBUG] Successfully added identity orderer to the database
2024/05/26 07:39:23 [INFO] 192.168.43.154:54980 POST /register 201 0 "OK"
2024/05/26 07:39:23 [DEBUG] Received request for /register
2024/05/26 07:39:23 [DEBUG] Caller is using a x509 certificate
2024/05/26 07:39:23 [DEBUG] Certicate Dates: NotAfter = 2025-05-26 07:39:00 +0000 UTC NotBefore = 2024-05-26 07:34:00 +0000 UTC 
2024/05/26 07:39:23 [DEBUG] Checking for revocation/expiration of certificate owned by 'admin'
2024/05/26 07:39:23 [DEBUG] DB: Get certificate by serial (7b6c680c369d8fa89d61bd0fa6f975ddb76df9d4) and aki (126b90944830c53c727d03eb0783242387e4bcee)
2024/05/26 07:39:23 [DEBUG] DB: Getting identity admin
2024/05/26 07:39:23 [DEBUG] Successful token authentication of 'admin'
2024/05/26 07:39:23 [DEBUG] Received registration request from admin: { Name:ordererAdmin Type:admin Secret:**** MaxEnrollments:0 Affiliation: Attributes:[] CAName:ca-orderer  }
2024/05/26 07:39:23 [DEBUG] No affiliation provided in registration request, will default to using registrar's affiliation of ''
2024/05/26 07:39:23 [DEBUG] canRegister - Check to see if user 'admin' can register
2024/05/26 07:39:23 [DEBUG] Checking to see if caller 'admin' can act on type 'admin'
2024/05/26 07:39:23 [DEBUG] Checking to see if caller 'admin' is a registrar
2024/05/26 07:39:23 [DEBUG] Validating affiliation: 
2024/05/26 07:39:23 [DEBUG] Checking to see if affiliation '' contains caller's affiliation ''
2024/05/26 07:39:23 [DEBUG] Caller has root affiliation
2024/05/26 07:39:23 [DEBUG] Registering user id: ordererAdmin
2024/05/26 07:39:23 [DEBUG] Max enrollment value verification - User specified max enrollment: 0, CA max enrollment: -1
2024/05/26 07:39:23 [DEBUG] DB: Getting identity ordererAdmin
2024/05/26 07:39:23 [DEBUG] DB: Add identity ordererAdmin
2024/05/26 07:39:23 [DEBUG] Successfully added identity ordererAdmin to the database
2024/05/26 07:39:23 [INFO] 192.168.43.154:54988 POST /register 201 0 "OK"
2024/05/26 07:39:23 [DEBUG] Received request for /enroll
2024/05/26 07:39:23 [DEBUG] ca.Config: &{Version:v1.5.11 Cfg:{Identities:{PasswordAttempts:10 AllowRemove:false} Affiliations:{AllowRemove:false}} CA:{Name:ca-orderer Keyfile:/home/vm3/hlf-test-multi-org/distributed-machine-1/organizations/fabric-ca/ordererOrg/ca-key.pem Certfile:/home/vm3/hlf-test-multi-org/distributed-machine-1/organizations/fabric-ca/ordererOrg/ca-cert.pem Chainfile:/home/vm3/hlf-test-multi-org/distributed-machine-1/organizations/fabric-ca/ordererOrg/ca-chain.pem ReenrollIgnoreCertExpiry:false} Signing:0xc00061ccc0 CSR:{CN:fabric-ca-server Names:[{C:US ST:North Carolina L: O:Hyperledger OU:Fabric SerialNumber:}] Hosts:[localhost 192.168.43.154] KeyRequest:0xc000323e00 CA:0xc000622150 SerialNumber:} Registry:{MaxEnrollments:-1 Identities:[{ Name:**** Pass:**** Type:client Affiliation: MaxEnrollments:0 Attrs:map[hf.AffiliationMgr:1 hf.GenCRL:1 hf.IntermediateCA:1 hf.Registrar.Attributes:* hf.Registrar.DelegateRoles:* hf.Registrar.Roles:* hf.Revoker:1]  }]} Affiliations:map[org1:[department1 department2] org2:[department1]] LDAP:{ Enabled:false URL:ldap://****:****@<host>:<port>/<base> UserFilter:(uid=%s) GroupFilter:(memberUid=%s) Attribute:{[uid member] [{ }] map[groups:[{ }]]} TLS:{false [] { }}  } DB:{ Type:sqlite3 Datasource:/home/vm3/hlf-test-multi-org/distributed-machine-1/organizations/fabric-ca/ordererOrg/fabric-ca-server.db TLS:{false [] { }}  } CSP:0xc000012900 Client:<nil> Intermediate:{ParentServer:{ URL: CAName:  } TLS:{Enabled:false CertFiles:[] Client:{KeyFile: CertFile:}} Enrollment:{ Name: Secret:**** CAName: AttrReqs:[] Profile: Label: CSR:<nil> Type:x509  }} CRL:{Expiry:24h0m0s} Idemix:{Curve:amcl.Fp256bn IssuerPublicKeyfile:/home/vm3/hlf-test-multi-org/distributed-machine-1/organizations/fabric-ca/ordererOrg/IssuerPublicKey IssuerSecretKeyfile:/home/vm3/hlf-test-multi-org/distributed-machine-1/organizations/fabric-ca/ordererOrg/msp/keystore/IssuerSecretKey RevocationPublicKeyfile:/home/vm3/hlf-test-multi-org/distributed-machine-1/organizations/fabric-ca/ordererOrg/IssuerRevocationPublicKey RevocationPrivateKeyfile:/home/vm3/hlf-test-multi-org/distributed-machine-1/organizations/fabric-ca/ordererOrg/msp/keystore/IssuerRevocationPrivateKey RHPoolSize:1000 NonceExpiration:15s NonceSweepInterval:15m}}
2024/05/26 07:39:23 [DEBUG] DB: Getting identity orderer
2024/05/26 07:39:23 [DEBUG] DB: Login user orderer with max enrollments of -1 and state of 0
2024/05/26 07:39:23 [DEBUG] DB: identity orderer successfully logged in
2024/05/26 07:39:23 [DEBUG] DB: Getting identity orderer
2024/05/26 07:39:23 [DEBUG] Processing sign request: id=orderer, CommonName=orderer, Subject=<nil>
2024/05/26 07:39:23 [DEBUG] Request is not for a CA signing certificate
2024/05/26 07:39:23 [DEBUG] Checking CSR fields to make sure that they do not exceed maximum character limits
2024/05/26 07:39:23 [DEBUG] Finished processing sign request
2024/05/26 07:39:23 [DEBUG] DB: Getting identity orderer
2024/05/26 07:39:23 [DEBUG] Attribute extension being added to certificate is: &{ID:[1 2 3 4 5 6 7 8 1] Critical:false Value:7b226174747273223a7b2268662e416666696c696174696f6e223a22222c2268662e456e726f6c6c6d656e744944223a226f726465726572222c2268662e54797065223a226f726465726572227d7d}
2024/05/26 07:39:23 [DEBUG] Adding attribute extension to CSR: &{ID:[1 2 3 4 5 6 7 8 1] Critical:false Value:7b226174747273223a7b2268662e416666696c696174696f6e223a22222c2268662e456e726f6c6c6d656e744944223a226f726465726572222c2268662e54797065223a226f726465726572227d7d}
2024/05/26 07:39:23 [INFO] signed certificate with serial number 619259049106966713876874924371338960898751136126
2024/05/26 07:39:23 [DEBUG] DB: Insert Certificate
2024/05/26 07:39:23 [DEBUG] Saved serial number as hex 6c788940cd534bc2ca9f96efa9f2cba9243b017e
2024/05/26 07:39:23 [DEBUG] saved certificate with serial number 619259049106966713876874924371338960898751136126
2024/05/26 07:39:23 [DEBUG] Successfully incremented state for identity orderer to 1
2024/05/26 07:39:23 [INFO] 192.168.43.154:54994 POST /enroll 201 0 "OK"
2024/05/26 07:39:23 [DEBUG] Received request for /enroll
2024/05/26 07:39:23 [DEBUG] ca.Config: &{Version:v1.5.11 Cfg:{Identities:{PasswordAttempts:10 AllowRemove:false} Affiliations:{AllowRemove:false}} CA:{Name:ca-orderer Keyfile:/home/vm3/hlf-test-multi-org/distributed-machine-1/organizations/fabric-ca/ordererOrg/ca-key.pem Certfile:/home/vm3/hlf-test-multi-org/distributed-machine-1/organizations/fabric-ca/ordererOrg/ca-cert.pem Chainfile:/home/vm3/hlf-test-multi-org/distributed-machine-1/organizations/fabric-ca/ordererOrg/ca-chain.pem ReenrollIgnoreCertExpiry:false} Signing:0xc00061ccc0 CSR:{CN:fabric-ca-server Names:[{C:US ST:North Carolina L: O:Hyperledger OU:Fabric SerialNumber:}] Hosts:[localhost 192.168.43.154] KeyRequest:0xc000323e00 CA:0xc000622150 SerialNumber:} Registry:{MaxEnrollments:-1 Identities:[{ Name:**** Pass:**** Type:client Affiliation: MaxEnrollments:0 Attrs:map[hf.AffiliationMgr:1 hf.GenCRL:1 hf.IntermediateCA:1 hf.Registrar.Attributes:* hf.Registrar.DelegateRoles:* hf.Registrar.Roles:* hf.Revoker:1]  }]} Affiliations:map[org1:[department1 department2] org2:[department1]] LDAP:{ Enabled:false URL:ldap://****:****@<host>:<port>/<base> UserFilter:(uid=%s) GroupFilter:(memberUid=%s) Attribute:{[uid member] [{ }] map[groups:[{ }]]} TLS:{false [] { }}  } DB:{ Type:sqlite3 Datasource:/home/vm3/hlf-test-multi-org/distributed-machine-1/organizations/fabric-ca/ordererOrg/fabric-ca-server.db TLS:{false [] { }}  } CSP:0xc000012900 Client:<nil> Intermediate:{ParentServer:{ URL: CAName:  } TLS:{Enabled:false CertFiles:[] Client:{KeyFile: CertFile:}} Enrollment:{ Name: Secret:**** CAName: AttrReqs:[] Profile: Label: CSR:<nil> Type:x509  }} CRL:{Expiry:24h0m0s} Idemix:{Curve:amcl.Fp256bn IssuerPublicKeyfile:/home/vm3/hlf-test-multi-org/distributed-machine-1/organizations/fabric-ca/ordererOrg/IssuerPublicKey IssuerSecretKeyfile:/home/vm3/hlf-test-multi-org/distributed-machine-1/organizations/fabric-ca/ordererOrg/msp/keystore/IssuerSecretKey RevocationPublicKeyfile:/home/vm3/hlf-test-multi-org/distributed-machine-1/organizations/fabric-ca/ordererOrg/IssuerRevocationPublicKey RevocationPrivateKeyfile:/home/vm3/hlf-test-multi-org/distributed-machine-1/organizations/fabric-ca/ordererOrg/msp/keystore/IssuerRevocationPrivateKey RHPoolSize:1000 NonceExpiration:15s NonceSweepInterval:15m}}
2024/05/26 07:39:23 [DEBUG] DB: Getting identity orderer
2024/05/26 07:39:23 [DEBUG] DB: Login user orderer with max enrollments of -1 and state of 1
2024/05/26 07:39:24 [DEBUG] DB: identity orderer successfully logged in
2024/05/26 07:39:24 [DEBUG] DB: Getting identity orderer
2024/05/26 07:39:24 [DEBUG] Processing sign request: id=orderer, CommonName=orderer, Subject=<nil>
2024/05/26 07:39:24 [DEBUG] Request is not for a CA signing certificate
2024/05/26 07:39:24 [DEBUG] Checking CSR fields to make sure that they do not exceed maximum character limits
2024/05/26 07:39:24 [DEBUG] Finished processing sign request
2024/05/26 07:39:24 [DEBUG] DB: Getting identity orderer
2024/05/26 07:39:24 [DEBUG] Attribute extension being added to certificate is: &{ID:[1 2 3 4 5 6 7 8 1] Critical:false Value:7b226174747273223a7b2268662e416666696c696174696f6e223a22222c2268662e456e726f6c6c6d656e744944223a226f726465726572222c2268662e54797065223a226f726465726572227d7d}
2024/05/26 07:39:24 [DEBUG] Adding attribute extension to CSR: &{ID:[1 2 3 4 5 6 7 8 1] Critical:false Value:7b226174747273223a7b2268662e416666696c696174696f6e223a22222c2268662e456e726f6c6c6d656e744944223a226f726465726572222c2268662e54797065223a226f726465726572227d7d}
2024/05/26 07:39:24 [INFO] signed certificate with serial number 643407752815596694279392715874176619303069935033
2024/05/26 07:39:24 [DEBUG] DB: Insert Certificate
2024/05/26 07:39:24 [DEBUG] Saved serial number as hex 70b366c6c665da76e0fc76fe00c4e5d1283de5b9
2024/05/26 07:39:24 [DEBUG] saved certificate with serial number 643407752815596694279392715874176619303069935033
2024/05/26 07:39:24 [DEBUG] Successfully incremented state for identity orderer to 2
2024/05/26 07:39:24 [INFO] 192.168.43.154:55000 POST /enroll 201 0 "OK"
2024/05/26 07:39:24 [DEBUG] Received request for /enroll
2024/05/26 07:39:24 [DEBUG] ca.Config: &{Version:v1.5.11 Cfg:{Identities:{PasswordAttempts:10 AllowRemove:false} Affiliations:{AllowRemove:false}} CA:{Name:ca-orderer Keyfile:/home/vm3/hlf-test-multi-org/distributed-machine-1/organizations/fabric-ca/ordererOrg/ca-key.pem Certfile:/home/vm3/hlf-test-multi-org/distributed-machine-1/organizations/fabric-ca/ordererOrg/ca-cert.pem Chainfile:/home/vm3/hlf-test-multi-org/distributed-machine-1/organizations/fabric-ca/ordererOrg/ca-chain.pem ReenrollIgnoreCertExpiry:false} Signing:0xc00061ccc0 CSR:{CN:fabric-ca-server Names:[{C:US ST:North Carolina L: O:Hyperledger OU:Fabric SerialNumber:}] Hosts:[localhost 192.168.43.154] KeyRequest:0xc000323e00 CA:0xc000622150 SerialNumber:} Registry:{MaxEnrollments:-1 Identities:[{ Name:**** Pass:**** Type:client Affiliation: MaxEnrollments:0 Attrs:map[hf.AffiliationMgr:1 hf.GenCRL:1 hf.IntermediateCA:1 hf.Registrar.Attributes:* hf.Registrar.DelegateRoles:* hf.Registrar.Roles:* hf.Revoker:1]  }]} Affiliations:map[org1:[department1 department2] org2:[department1]] LDAP:{ Enabled:false URL:ldap://****:****@<host>:<port>/<base> UserFilter:(uid=%s) GroupFilter:(memberUid=%s) Attribute:{[uid member] [{ }] map[groups:[{ }]]} TLS:{false [] { }}  } DB:{ Type:sqlite3 Datasource:/home/vm3/hlf-test-multi-org/distributed-machine-1/organizations/fabric-ca/ordererOrg/fabric-ca-server.db TLS:{false [] { }}  } CSP:0xc000012900 Client:<nil> Intermediate:{ParentServer:{ URL: CAName:  } TLS:{Enabled:false CertFiles:[] Client:{KeyFile: CertFile:}} Enrollment:{ Name: Secret:**** CAName: AttrReqs:[] Profile: Label: CSR:<nil> Type:x509  }} CRL:{Expiry:24h0m0s} Idemix:{Curve:amcl.Fp256bn IssuerPublicKeyfile:/home/vm3/hlf-test-multi-org/distributed-machine-1/organizations/fabric-ca/ordererOrg/IssuerPublicKey IssuerSecretKeyfile:/home/vm3/hlf-test-multi-org/distributed-machine-1/organizations/fabric-ca/ordererOrg/msp/keystore/IssuerSecretKey RevocationPublicKeyfile:/home/vm3/hlf-test-multi-org/distributed-machine-1/organizations/fabric-ca/ordererOrg/IssuerRevocationPublicKey RevocationPrivateKeyfile:/home/vm3/hlf-test-multi-org/distributed-machine-1/organizations/fabric-ca/ordererOrg/msp/keystore/IssuerRevocationPrivateKey RHPoolSize:1000 NonceExpiration:15s NonceSweepInterval:15m}}
2024/05/26 07:39:24 [DEBUG] DB: Getting identity ordererAdmin
2024/05/26 07:39:24 [DEBUG] DB: Login user ordererAdmin with max enrollments of -1 and state of 0
2024/05/26 07:39:24 [DEBUG] DB: identity ordererAdmin successfully logged in
2024/05/26 07:39:24 [DEBUG] DB: Getting identity ordererAdmin
2024/05/26 07:39:24 [DEBUG] Processing sign request: id=ordererAdmin, CommonName=ordererAdmin, Subject=<nil>
2024/05/26 07:39:24 [DEBUG] Request is not for a CA signing certificate
2024/05/26 07:39:24 [DEBUG] Checking CSR fields to make sure that they do not exceed maximum character limits
2024/05/26 07:39:24 [DEBUG] Finished processing sign request
2024/05/26 07:39:24 [DEBUG] DB: Getting identity ordererAdmin
2024/05/26 07:39:24 [DEBUG] Attribute extension being added to certificate is: &{ID:[1 2 3 4 5 6 7 8 1] Critical:false Value:7b226174747273223a7b2268662e416666696c696174696f6e223a22222c2268662e456e726f6c6c6d656e744944223a226f72646572657241646d696e222c2268662e54797065223a2261646d696e227d7d}
2024/05/26 07:39:24 [DEBUG] Adding attribute extension to CSR: &{ID:[1 2 3 4 5 6 7 8 1] Critical:false Value:7b226174747273223a7b2268662e416666696c696174696f6e223a22222c2268662e456e726f6c6c6d656e744944223a226f72646572657241646d696e222c2268662e54797065223a2261646d696e227d7d}
2024/05/26 07:39:24 [INFO] signed certificate with serial number 23546163877817523039525223910132190086214713651
2024/05/26 07:39:24 [DEBUG] DB: Insert Certificate
2024/05/26 07:39:24 [DEBUG] Saved serial number as hex 41fd8b48e05c8cd6c7126d8118b7e8e13800133
2024/05/26 07:39:24 [DEBUG] saved certificate with serial number 23546163877817523039525223910132190086214713651
2024/05/26 07:39:24 [DEBUG] Successfully incremented state for identity ordererAdmin to 1
2024/05/26 07:39:24 [INFO] 192.168.43.154:55014 POST /enroll 201 0 "OK"
2024/05/26 07:54:10 [DEBUG] Cleaning up expired nonces for CA 'ca-orderer'
2024/05/26 08:09:10 [DEBUG] Cleaning up expired nonces for CA 'ca-orderer'
