[34m2024-05-23 04:15:15.776 UTC 0001 INFO[0m [localconfig] [34;1mcompleteInitialization[0m -> Kafka.Version unset, setting to 0.10.2.0
[34m2024-05-23 04:15:15.777 UTC 0002 INFO[0m [orderer.common.server] [34;1mprettyPrintStruct[0m -> Orderer config values:
	General.ListenAddress = "192.168.0.154"
	General.ListenPort = 7050
	General.TLS.Enabled = true
	General.TLS.PrivateKey = "/home/vm3/hlf-test-multi-org/distributed-machine-1/organizations/ordererOrganizations/example.com/orderers/orderer.example.com/tls/server.key"
	General.TLS.Certificate = "/home/vm3/hlf-test-multi-org/distributed-machine-1/organizations/ordererOrganizations/example.com/orderers/orderer.example.com/tls/server.crt"
	General.TLS.RootCAs = [/home/vm3/hlf-test-multi-org/distributed-machine-1/organizations/ordererOrganizations/example.com/orderers/orderer.example.com/tls/ca.crt]
	General.TLS.ClientAuthRequired = false
	General.TLS.ClientRootCAs = []
	General.TLS.TLSHandshakeTimeShift = 0s
	General.Cluster.ListenAddress = ""
	General.Cluster.ListenPort = 0
	General.Cluster.ServerCertificate = ""
	General.Cluster.ServerPrivateKey = ""
	General.Cluster.ClientCertificate = "/home/vm3/hlf-test-multi-org/distributed-machine-1/organizations/ordererOrganizations/example.com/orderers/orderer.example.com/tls/server.crt"
	General.Cluster.ClientPrivateKey = "/home/vm3/hlf-test-multi-org/distributed-machine-1/organizations/ordererOrganizations/example.com/orderers/orderer.example.com/tls/server.key"
	General.Cluster.RootCAs = [/home/vm3/hlf-test-multi-org/distributed-machine-1/organizations/ordererOrganizations/example.com/orderers/orderer.example.com/tls/ca.crt]
	General.Cluster.DialTimeout = 5s
	General.Cluster.RPCTimeout = 7s
	General.Cluster.ReplicationBufferSize = 20971520
	General.Cluster.ReplicationPullTimeout = 5s
	General.Cluster.ReplicationRetryTimeout = 5s
	General.Cluster.ReplicationBackgroundRefreshInterval = 5m0s
	General.Cluster.ReplicationMaxRetries = 12
	General.Cluster.SendBufferSize = 100
	General.Cluster.CertExpirationWarningThreshold = 168h0m0s
	General.Cluster.TLSHandshakeTimeShift = 0s
	General.Keepalive.ServerMinInterval = 1m0s
	General.Keepalive.ServerInterval = 2h0m0s
	General.Keepalive.ServerTimeout = 20s
	General.ConnectionTimeout = 0s
	General.GenesisMethod = ""
	General.GenesisFile = ""
	General.BootstrapMethod = "none"
	General.BootstrapFile = "genesisblock"
	General.Profile.Enabled = false
	General.Profile.Address = "192.168.0.154:6060"
	General.LocalMSPDir = "/home/vm3/hlf-test-multi-org/distributed-machine-1/organizations/ordererOrganizations/example.com/orderers/orderer.example.com/msp"
	General.LocalMSPID = "OrdererMSP"
	General.BCCSP.Default = "SW"
	General.BCCSP.SW.Security = 256
	General.BCCSP.SW.Hash = "SHA2"
	General.BCCSP.SW.FileKeystore.KeyStorePath = ""
	General.Authentication.TimeWindow = 15m0s
	General.Authentication.NoExpirationChecks = false
	General.MaxRecvMsgSize = 104857600
	General.MaxSendMsgSize = 104857600
	FileLedger.Location = "/home/vm3/hlf-test-multi-org/production/orderer"
	FileLedger.Prefix = ""
	Kafka.Retry.ShortInterval = 5s
	Kafka.Retry.ShortTotal = 10m0s
	Kafka.Retry.LongInterval = 5m0s
	Kafka.Retry.LongTotal = 12h0m0s
	Kafka.Retry.NetworkTimeouts.DialTimeout = 10s
	Kafka.Retry.NetworkTimeouts.ReadTimeout = 10s
	Kafka.Retry.NetworkTimeouts.WriteTimeout = 10s
	Kafka.Retry.Metadata.RetryMax = 3
	Kafka.Retry.Metadata.RetryBackoff = 250ms
	Kafka.Retry.Producer.RetryMax = 3
	Kafka.Retry.Producer.RetryBackoff = 100ms
	Kafka.Retry.Consumer.RetryBackoff = 2s
	Kafka.Verbose = false
	Kafka.Version = 0.10.2.0
	Kafka.TLS.Enabled = false
	Kafka.TLS.PrivateKey = ""
	Kafka.TLS.Certificate = ""
	Kafka.TLS.RootCAs = []
	Kafka.TLS.ClientAuthRequired = false
	Kafka.TLS.ClientRootCAs = []
	Kafka.TLS.TLSHandshakeTimeShift = 0s
	Kafka.SASLPlain.Enabled = false
	Kafka.SASLPlain.User = ""
	Kafka.SASLPlain.Password = ""
	Kafka.Topic.ReplicationFactor = 3
	Debug.BroadcastTraceDir = ""
	Debug.DeliverTraceDir = ""
	Consensus = map[SnapDir:/home/vm3/hlf-test-multi-org/production/orderer/etcdraft/snapshot WALDir:/home/vm3/hlf-test-multi-org/production/orderer/etcdraft/wal]
	Operations.ListenAddress = "192.168.0.154:9443"
	Operations.TLS.Enabled = false
	Operations.TLS.PrivateKey = ""
	Operations.TLS.Certificate = ""
	Operations.TLS.RootCAs = []
	Operations.TLS.ClientAuthRequired = false
	Operations.TLS.ClientRootCAs = []
	Operations.TLS.TLSHandshakeTimeShift = 0s
	Metrics.Provider = "prometheus"
	Metrics.Statsd.Network = "udp"
	Metrics.Statsd.Address = "192.168.0.154:8125"
	Metrics.Statsd.WriteInterval = 30s
	Metrics.Statsd.Prefix = ""
	ChannelParticipation.Enabled = true
	ChannelParticipation.MaxRequestBodySize = 1048576
	Admin.ListenAddress = "192.168.0.154:7053"
	Admin.TLS.Enabled = true
	Admin.TLS.PrivateKey = "/home/vm3/hlf-test-multi-org/distributed-machine-1/organizations/ordererOrganizations/example.com/orderers/orderer.example.com/tls/server.key"
	Admin.TLS.Certificate = "/home/vm3/hlf-test-multi-org/distributed-machine-1/organizations/ordererOrganizations/example.com/orderers/orderer.example.com/tls/server.crt"
	Admin.TLS.RootCAs = [/home/vm3/hlf-test-multi-org/distributed-machine-1/organizations/ordererOrganizations/example.com/orderers/orderer.example.com/tls/ca.crt]
	Admin.TLS.ClientAuthRequired = true
	Admin.TLS.ClientRootCAs = [/home/vm3/hlf-test-multi-org/distributed-machine-1/organizations/ordererOrganizations/example.com/orderers/orderer.example.com/tls/ca.crt]
	Admin.TLS.TLSHandshakeTimeShift = 0s
[34m2024-05-23 04:15:15.780 UTC 0003 INFO[0m [orderer.common.server] [34;1minitializeServerConfig[0m -> Starting orderer with TLS enabled
[34m2024-05-23 04:15:15.821 UTC 0004 INFO[0m [blkstorage] [34;1mNewProvider[0m -> Creating new file ledger directory at /home/vm3/hlf-test-multi-org/production/orderer/chains
[34m2024-05-23 04:15:15.825 UTC 0005 INFO[0m [orderer.commmon.multichannel] [34;1mInitJoinBlockFileRepo[0m -> Channel Participation API enabled, registrar initializing with file repo /home/vm3/hlf-test-multi-org/production/orderer/pendingops
[34m2024-05-23 04:15:15.830 UTC 0006 INFO[0m [orderer.common.server] [34;1mMain[0m -> Starting without a system channel
[34m2024-05-23 04:15:15.830 UTC 0007 INFO[0m [orderer.common.server] [34;1mMain[0m -> Setting up cluster
[34m2024-05-23 04:15:15.830 UTC 0008 INFO[0m [orderer.common.server] [34;1mreuseListener[0m -> Cluster listener is not configured, defaulting to use the general listener on port 7050
[34m2024-05-23 04:15:15.830 UTC 0009 INFO[0m [certmonitor] [34;1mtrackCertExpiration[0m -> The enrollment certificate will expire on 2025-05-23 04:06:00 +0000 UTC
[34m2024-05-23 04:15:15.830 UTC 000a INFO[0m [certmonitor] [34;1mtrackCertExpiration[0m -> The server TLS certificate will expire on 2025-05-23 04:06:00 +0000 UTC
[34m2024-05-23 04:15:15.830 UTC 000b INFO[0m [certmonitor] [34;1mtrackCertExpiration[0m -> The client TLS certificate will expire on 2025-05-23 04:06:00 +0000 UTC
[34m2024-05-23 04:15:15.830 UTC 000c INFO[0m [orderer.commmon.multichannel] [34;1mInitJoinBlockFileRepo[0m -> Channel Participation API enabled, registrar initializing with file repo /home/vm3/hlf-test-multi-org/production/orderer/pendingops
[34m2024-05-23 04:15:15.833 UTC 000d INFO[0m [orderer.commmon.multichannel] [34;1mstartChannels[0m -> Registrar initializing without a system channel, number of application channels: 0, with 0 consensus.Chain(s) and 0 follower.Chain(s)
[34m2024-05-23 04:15:15.833 UTC 000e INFO[0m [orderer.common.server] [34;1mMain[0m -> Starting orderer:
 Version: v2.5.8
 Commit SHA: ab5290f
 Go version: go1.22.3
 OS/Arch: linux/amd64
[34m2024-05-23 04:15:15.834 UTC 000f INFO[0m [orderer.common.server] [34;1mMain[0m -> Beginning to serve requests
